#
# There is insufficient memory for the Java Runtime Environment to continue.
# Native memory allocation (mmap) failed to map 279969792 bytes for G1 virtual space
# Possible reasons:
#   The system is out of physical RAM or swap space
#   The process is running with CompressedOops enabled, and the Java Heap may be blocking the growth of the native heap
# Possible solutions:
#   Reduce memory load on the system
#   Increase physical memory or swap space
#   Check if swap backing store is full
#   Decrease Java heap size (-Xmx/-Xms)
#   Decrease number of Java threads
#   Decrease Java thread stack sizes (-Xss)
#   Set larger code cache with -XX:ReservedCodeCacheSize=
#   JVM is running with Unscaled Compressed Oops mode in which the Java heap is
#     placed in the first 4GB address space. The Java Heap base address is the
#     maximum limit for the native heap growth. Please use -XX:HeapBaseMinAddress
#     to set the Java Heap base and to place the Java Heap above 4GB virtual address.
# This output file may be truncated or incomplete.
#
#  Out of Memory Error (os_windows.cpp:3557), pid=2012, tid=2936
#
# JRE version: OpenJDK Runtime Environment Temurin-17.0.6+10 (17.0.6+10) (build 17.0.6+10)
# Java VM: OpenJDK 64-Bit Server VM Temurin-17.0.6+10 (17.0.6+10, mixed mode, emulated-client, tiered, compressed oops, compressed class ptrs, g1 gc, windows-amd64)
# No core dump will be written. Minidumps are not enabled by default on client versions of Windows
#

---------------  S U M M A R Y ------------

Command Line: -XX:+HeapDumpOnOutOfMemoryError -Xmx1024m -Dsts.lsp.client=vscode -Dsts.log.file=/dev/null -XX:TieredStopAtLevel=1 -Xlog:jni+resolve=off -Dspring.config.location=file:c:\Users\asus\.vscode\extensions\vmware.vscode-spring-boot-1.45.0\language-server\BOOT-INF\classes\application.properties org.springframework.ide.vscode.boot.app.BootLanguageServerBootApp

Host: Intel(R) Core(TM) i7-7500U CPU @ 2.70GHz, 4 cores, 7G,  Windows 10 , 64 bit Build 19041 (10.0.19041.2546)
Time: Wed Apr  5 12:23:25 2023 Romance Daylight Time elapsed time: 22.855209 seconds (0d 0h 0m 22s)

---------------  T H R E A D  ---------------

Current thread (0x00000272c86853c0):  VMThread "VM Thread" [stack: 0x000000d84f800000,0x000000d84f900000] [id=2936]

Stack: [0x000000d84f800000,0x000000d84f900000]
Native frames: (J=compiled Java code, j=interpreted, Vv=VM code, C=native code)
V  [jvm.dll+0x67741a]
V  [jvm.dll+0x834434]
V  [jvm.dll+0x835bde]
V  [jvm.dll+0x836243]
V  [jvm.dll+0x2457b5]
V  [jvm.dll+0x674329]
V  [jvm.dll+0x6689da]
V  [jvm.dll+0x30489b]
V  [jvm.dll+0x30bd96]
V  [jvm.dll+0x35b57e]
V  [jvm.dll+0x35b7af]
V  [jvm.dll+0x2db778]
V  [jvm.dll+0x2d9a2c]
V  [jvm.dll+0x2d8ffc]
V  [jvm.dll+0x31cdcb]
V  [jvm.dll+0x83a6eb]
V  [jvm.dll+0x83b424]
V  [jvm.dll+0x83b93c]
V  [jvm.dll+0x83bd14]
V  [jvm.dll+0x83bde0]
V  [jvm.dll+0x7e483a]
V  [jvm.dll+0x6762c5]
C  [ucrtbase.dll+0x21bb2]
C  [KERNEL32.DLL+0x17614]
C  [ntdll.dll+0x526a1]

VM_Operation (0x000000d851dfe5d0): G1CollectForAllocation, mode: safepoint, requested by thread 0x00000272cb2fc160


---------------  P R O C E S S  ---------------

Threads class SMR info:
_java_thread_list=0x00000272cdb497d0, length=42, elements={
0x00000272c869a740, 0x00000272c869b5b0, 0x00000272c86cb810, 0x00000272c86ce990,
0x00000272c86d0350, 0x00000272c86d0d00, 0x00000272c86d1760, 0x00000272c86d3070,
0x00000272c91e85a0, 0x00000272c91f86a0, 0x00000272c9168370, 0x00000272caf46930,
0x00000272caf76490, 0x00000272caf76960, 0x00000272cb15d8c0, 0x00000272be142010,
0x00000272cb0ce2e0, 0x00000272cada1200, 0x00000272c9792030, 0x00000272c9792500,
0x00000272caff5fb0, 0x00000272cb13cda0, 0x00000272cb13bf30, 0x00000272cb13b590,
0x00000272cb13c400, 0x00000272cb13ba60, 0x00000272cb13c8d0, 0x00000272cb2f9140,
0x00000272cb2f9ae0, 0x00000272cb2fbc90, 0x00000272cb2f52b0, 0x00000272cb2f82d0,
0x00000272cb2fa480, 0x00000272cb2fc160, 0x00000272cb2f87a0, 0x00000272cb2f8c70,
0x00000272cb2f9fb0, 0x00000272cb2f7460, 0x00000272cd81e190, 0x00000272cb2f5780,
0x00000272cb2f9610, 0x00000272cb2fa950
}

Java Threads: ( => current thread )
  0x00000272c869a740 JavaThread "Reference Handler" daemon [_thread_blocked, id=16772, stack(0x000000d84f900000,0x000000d84fa00000)]
  0x00000272c869b5b0 JavaThread "Finalizer" daemon [_thread_blocked, id=5440, stack(0x000000d84fa00000,0x000000d84fb00000)]
  0x00000272c86cb810 JavaThread "Signal Dispatcher" daemon [_thread_blocked, id=9232, stack(0x000000d84fb00000,0x000000d84fc00000)]
  0x00000272c86ce990 JavaThread "Attach Listener" daemon [_thread_blocked, id=14848, stack(0x000000d84fc00000,0x000000d84fd00000)]
  0x00000272c86d0350 JavaThread "Service Thread" daemon [_thread_blocked, id=12528, stack(0x000000d84fd00000,0x000000d84fe00000)]
  0x00000272c86d0d00 JavaThread "Monitor Deflation Thread" daemon [_thread_blocked, id=10580, stack(0x000000d84fe00000,0x000000d84ff00000)]
  0x00000272c86d1760 JavaThread "C1 CompilerThread0" daemon [_thread_blocked, id=18736, stack(0x000000d84ff00000,0x000000d850000000)]
  0x00000272c86d3070 JavaThread "Sweeper thread" daemon [_thread_blocked, id=21284, stack(0x000000d850000000,0x000000d850100000)]
  0x00000272c91e85a0 JavaThread "Notification Thread" daemon [_thread_blocked, id=19592, stack(0x000000d850200000,0x000000d850300000)]
  0x00000272c91f86a0 JavaThread "Common-Cleaner" daemon [_thread_blocked, id=11332, stack(0x000000d850400000,0x000000d850500000)]
  0x00000272c9168370 JavaThread "C1 CompilerThread1" daemon [_thread_blocked, id=15064, stack(0x000000d850100000,0x000000d850200000)]
  0x00000272caf46930 JavaThread "boundedElastic-evictor-1" daemon [_thread_blocked, id=14348, stack(0x000000d850900000,0x000000d850a00000)]
  0x00000272caf76490 JavaThread "boundedElastic-evictor-2" daemon [_thread_blocked, id=2120, stack(0x000000d850a00000,0x000000d850b00000)]
  0x00000272caf76960 JavaThread "pool-10-thread-1" [_thread_blocked, id=21444, stack(0x000000d850b00000,0x000000d850c00000)]
  0x00000272cb15d8c0 JavaThread "LanguageServerApp-lifecycle" [_thread_blocked, id=19560, stack(0x000000d850c00000,0x000000d850d00000)]
  0x00000272be142010 JavaThread "DestroyJavaVM" [_thread_blocked, id=7012, stack(0x000000d84f200000,0x000000d84f300000)]
  0x00000272cb0ce2e0 JavaThread "pool-11-thread-1" [_thread_in_native, id=16788, stack(0x000000d850d00000,0x000000d850e00000)]
  0x00000272cada1200 JavaThread "Simple-Language-Server main thread" daemon [_thread_blocked, id=9928, stack(0x000000d850e00000,0x000000d850f00000)]
  0x00000272c9792030 JavaThread "pool-2-thread-1" [_thread_blocked, id=8704, stack(0x000000d850f00000,0x000000d851000000)]
  0x00000272c9792500 JavaThread "pool-2-thread-2" [_thread_blocked, id=16724, stack(0x000000d851000000,0x000000d851100000)]
  0x00000272caff5fb0 JavaThread "pool-2-thread-3" [_thread_blocked, id=7660, stack(0x000000d851100000,0x000000d851200000)]
  0x00000272cb13cda0 JavaThread "pool-6-thread-1" [_thread_blocked, id=13164, stack(0x000000d851200000,0x000000d851300000)]
  0x00000272cb13bf30 JavaThread "ForkJoinPool.commonPool-worker-1" daemon [_thread_blocked, id=15744, stack(0x000000d851300000,0x000000d851400000)]
  0x00000272cb13b590 JavaThread "parallel-1" daemon [_thread_blocked, id=20692, stack(0x000000d850800000,0x000000d850900000)]
  0x00000272cb13c400 JavaThread "pool-3-thread-1" [_thread_blocked, id=8292, stack(0x000000d851400000,0x000000d851500000)]
  0x00000272cb13ba60 JavaThread "ForkJoinPool.commonPool-worker-2" daemon [_thread_blocked, id=10472, stack(0x000000d851500000,0x000000d851600000)]
  0x00000272cb13c8d0 JavaThread "pool-3-thread-2" [_thread_blocked, id=14008, stack(0x000000d851600000,0x000000d851700000)]
  0x00000272cb2f9140 JavaThread "ClassGraph-worker-0" daemon [_thread_blocked, id=8412, stack(0x000000d851700000,0x000000d851800000)]
  0x00000272cb2f9ae0 JavaThread "pool-3-thread-3" [_thread_blocked, id=4620, stack(0x000000d851800000,0x000000d851900000)]
  0x00000272cb2fbc90 JavaThread "ClassGraph-worker-1" daemon [_thread_blocked, id=17692, stack(0x000000d851900000,0x000000d851a00000)]
  0x00000272cb2f52b0 JavaThread "ClassGraph-worker-2" daemon [_thread_blocked, id=16732, stack(0x000000d851a00000,0x000000d851b00000)]
  0x00000272cb2f82d0 JavaThread "ClassGraph-worker-3" daemon [_thread_blocked, id=14488, stack(0x000000d851b00000,0x000000d851c00000)]
  0x00000272cb2fa480 JavaThread "ClassGraph-worker-4" daemon [_thread_blocked, id=17500, stack(0x000000d851c00000,0x000000d851d00000)]
  0x00000272cb2fc160 JavaThread "ClassGraph-worker-5" daemon [_thread_blocked, id=20124, stack(0x000000d851d00000,0x000000d851e00000)]
  0x00000272cb2f87a0 JavaThread "ClassGraph-worker-6" daemon [_thread_blocked, id=9356, stack(0x000000d851e00000,0x000000d851f00000)]
  0x00000272cb2f8c70 JavaThread "ClassGraph-worker-7" daemon [_thread_blocked, id=18688, stack(0x000000d851f00000,0x000000d852000000)]
  0x00000272cb2f9fb0 JavaThread "pool-4-thread-1" [_thread_blocked, id=18612, stack(0x000000d852000000,0x000000d852100000)]
  0x00000272cb2f7460 JavaThread "parallel-2" daemon [_thread_blocked, id=9716, stack(0x000000d852100000,0x000000d852200000)]
  0x00000272cd81e190 JavaThread "C1 CompilerThread2" daemon [_thread_blocked, id=11292, stack(0x000000d852200000,0x000000d852300000)]
  0x00000272cb2f5780 JavaThread "Project-Reconciler-1" daemon [_thread_blocked, id=5412, stack(0x000000d852300000,0x000000d852400000)]
  0x00000272cb2f9610 JavaThread "ForkJoinPool.commonPool-worker-3" daemon [_thread_blocked, id=20276, stack(0x000000d852400000,0x000000d852500000)]
  0x00000272cb2fa950 JavaThread "Keep-Alive-Timer" daemon [_thread_blocked, id=13176, stack(0x000000d852500000,0x000000d852600000)]

Other Threads:
=>0x00000272c86853c0 VMThread "VM Thread" [stack: 0x000000d84f800000,0x000000d84f900000] [id=2936]
  0x00000272c91e8a70 WatcherThread [stack: 0x000000d850300000,0x000000d850400000] [id=17044]
  0x00000272be180f70 GCTaskThread "GC Thread#0" [stack: 0x000000d84f300000,0x000000d84f400000] [id=8172]
  0x00000272c9168c30 GCTaskThread "GC Thread#1" [stack: 0x000000d850500000,0x000000d850600000] [id=10648]
  0x00000272c9168ee0 GCTaskThread "GC Thread#2" [stack: 0x000000d850600000,0x000000d850700000] [id=1052]
  0x00000272c99ed340 GCTaskThread "GC Thread#3" [stack: 0x000000d850700000,0x000000d850800000] [id=16824]
  0x00000272be189eb0 ConcurrentGCThread "G1 Main Marker" [stack: 0x000000d84f400000,0x000000d84f500000] [id=16232]
  0x00000272be18a8c0 ConcurrentGCThread "G1 Conc#0" [stack: 0x000000d84f500000,0x000000d84f600000] [id=14096]
  0x00000272be1fff80 ConcurrentGCThread "G1 Refine#0" [stack: 0x000000d84f600000,0x000000d84f700000] [id=11508]
  0x00000272be2009a0 ConcurrentGCThread "G1 Service" [stack: 0x000000d84f700000,0x000000d84f800000] [id=14992]

Threads with active compile tasks:

VM state: at safepoint (normal execution)

VM Mutex/Monitor currently owned by a thread:  ([mutex/lock_event])
[0x00000272bbfb7bd0] Threads_lock - owner thread: 0x00000272c86853c0
[0x00000272be140570] Heap_lock - owner thread: 0x00000272cb2fc160

Heap address: 0x00000000c0000000, size: 1024 MB, Compressed Oops mode: 32-bit

CDS archive(s) not mapped
Compressed class space mapped at: 0x0000000100000000-0x0000000140000000, reserved size: 1073741824
Narrow klass base: 0x0000000000000000, Narrow klass shift: 3, Narrow klass range: 0x140000000

GC Precious Log:
 CPUs: 4 total, 4 available
 Memory: 8073M
 Large Page Support: Disabled
 NUMA Support: Disabled
 Compressed Oops: Enabled (32-bit)
 Heap Region Size: 1M
 Heap Min Capacity: 8M
 Heap Initial Capacity: 128M
 Heap Max Capacity: 1G
 Pre-touch: Disabled
 Parallel Workers: 4
 Concurrent Workers: 1
 Concurrent Refinement Workers: 4
 Periodic GC: Disabled

Heap:
 garbage-first heap   total 365568K, used 209881K [0x00000000c0000000, 0x0000000100000000)
  region size 1024K, 6 young (6144K), 6 survivors (6144K)
 Metaspace       used 53006K, committed 53440K, reserved 1097728K
  class space    used 6679K, committed 6912K, reserved 1048576K

Heap Regions: E=young(eden), S=young(survivor), O=old, HS=humongous(starts), HC=humongous(continues), CS=collection set, F=free, OA=open archive, CA=closed archive, TAMS=top-at-mark-start (previous, next)
|   0|0x00000000c0000000, 0x00000000c0100000, 0x00000000c0100000|100%| O|  |TAMS 0x00000000c0100000, 0x00000000c0000000| Untracked 
|   1|0x00000000c0100000, 0x00000000c0200000, 0x00000000c0200000|100%| O|  |TAMS 0x00000000c0200000, 0x00000000c0100000| Untracked 
|   2|0x00000000c0200000, 0x00000000c0300000, 0x00000000c0300000|100%| O|  |TAMS 0x00000000c0300000, 0x00000000c0200000| Untracked 
|   3|0x00000000c0300000, 0x00000000c0400000, 0x00000000c0400000|100%| O|  |TAMS 0x00000000c0400000, 0x00000000c0300000| Untracked 
|   4|0x00000000c0400000, 0x00000000c0500000, 0x00000000c0500000|100%| O|  |TAMS 0x00000000c0500000, 0x00000000c0400000| Untracked 
|   5|0x00000000c0500000, 0x00000000c0600000, 0x00000000c0600000|100%| O|  |TAMS 0x00000000c0600000, 0x00000000c0500000| Untracked 
|   6|0x00000000c0600000, 0x00000000c0700000, 0x00000000c0700000|100%| O|  |TAMS 0x00000000c0700000, 0x00000000c0600000| Untracked 
|   7|0x00000000c0700000, 0x00000000c0800000, 0x00000000c0800000|100%|HS|  |TAMS 0x00000000c0800000, 0x00000000c0700000| Complete 
|   8|0x00000000c0800000, 0x00000000c0900000, 0x00000000c0900000|100%| O|  |TAMS 0x00000000c0900000, 0x00000000c0800000| Untracked 
|   9|0x00000000c0900000, 0x00000000c0a00000, 0x00000000c0a00000|100%| O|  |TAMS 0x00000000c0a00000, 0x00000000c0900000| Untracked 
|  10|0x00000000c0a00000, 0x00000000c0b00000, 0x00000000c0b00000|100%| O|  |TAMS 0x00000000c0b00000, 0x00000000c0a00000| Untracked 
|  11|0x00000000c0b00000, 0x00000000c0c00000, 0x00000000c0c00000|100%| O|  |TAMS 0x00000000c0c00000, 0x00000000c0b00000| Untracked 
|  12|0x00000000c0c00000, 0x00000000c0d00000, 0x00000000c0d00000|100%| O|  |TAMS 0x00000000c0d00000, 0x00000000c0c00000| Untracked 
|  13|0x00000000c0d00000, 0x00000000c0e00000, 0x00000000c0e00000|100%| O|  |TAMS 0x00000000c0e00000, 0x00000000c0d00000| Untracked 
|  14|0x00000000c0e00000, 0x00000000c0f00000, 0x00000000c0f00000|100%| O|  |TAMS 0x00000000c0f00000, 0x00000000c0e00000| Untracked 
|  15|0x00000000c0f00000, 0x00000000c1000000, 0x00000000c1000000|100%| O|  |TAMS 0x00000000c1000000, 0x00000000c0f00000| Untracked 
|  16|0x00000000c1000000, 0x00000000c1100000, 0x00000000c1100000|100%| O|  |TAMS 0x00000000c1100000, 0x00000000c1000000| Untracked 
|  17|0x00000000c1100000, 0x00000000c1200000, 0x00000000c1200000|100%| O|  |TAMS 0x00000000c1200000, 0x00000000c1100000| Untracked 
|  18|0x00000000c1200000, 0x00000000c1300000, 0x00000000c1300000|100%| O|  |TAMS 0x00000000c1300000, 0x00000000c1200000| Untracked 
|  19|0x00000000c1300000, 0x00000000c1400000, 0x00000000c1400000|100%| O|  |TAMS 0x00000000c1400000, 0x00000000c1300000| Untracked 
|  20|0x00000000c1400000, 0x00000000c1500000, 0x00000000c1500000|100%| O|  |TAMS 0x00000000c1500000, 0x00000000c1400000| Untracked 
|  21|0x00000000c1500000, 0x00000000c1600000, 0x00000000c1600000|100%| O|  |TAMS 0x00000000c1600000, 0x00000000c1500000| Untracked 
|  22|0x00000000c1600000, 0x00000000c1700000, 0x00000000c1700000|100%| O|  |TAMS 0x00000000c1700000, 0x00000000c1600000| Untracked 
|  23|0x00000000c1700000, 0x00000000c1800000, 0x00000000c1800000|100%| O|  |TAMS 0x00000000c1800000, 0x00000000c1700000| Untracked 
|  24|0x00000000c1800000, 0x00000000c1900000, 0x00000000c1900000|100%| O|  |TAMS 0x00000000c1900000, 0x00000000c1800000| Untracked 
|  25|0x00000000c1900000, 0x00000000c1a00000, 0x00000000c1a00000|100%| O|  |TAMS 0x00000000c1a00000, 0x00000000c1900000| Untracked 
|  26|0x00000000c1a00000, 0x00000000c1b00000, 0x00000000c1b00000|100%| O|  |TAMS 0x00000000c1b00000, 0x00000000c1a00000| Untracked 
|  27|0x00000000c1b00000, 0x00000000c1c00000, 0x00000000c1c00000|100%| O|  |TAMS 0x00000000c1c00000, 0x00000000c1b00000| Untracked 
|  28|0x00000000c1c00000, 0x00000000c1d00000, 0x00000000c1d00000|100%| O|  |TAMS 0x00000000c1d00000, 0x00000000c1c00000| Untracked 
|  29|0x00000000c1d00000, 0x00000000c1e00000, 0x00000000c1e00000|100%| O|  |TAMS 0x00000000c1e00000, 0x00000000c1d00000| Untracked 
|  30|0x00000000c1e00000, 0x00000000c1f00000, 0x00000000c1f00000|100%| O|  |TAMS 0x00000000c1f00000, 0x00000000c1e00000| Untracked 
|  31|0x00000000c1f00000, 0x00000000c2000000, 0x00000000c2000000|100%| O|  |TAMS 0x00000000c2000000, 0x00000000c1f00000| Untracked 
|  32|0x00000000c2000000, 0x00000000c2100000, 0x00000000c2100000|100%| O|  |TAMS 0x00000000c2100000, 0x00000000c2000000| Untracked 
|  33|0x00000000c2100000, 0x00000000c2200000, 0x00000000c2200000|100%| O|  |TAMS 0x00000000c2200000, 0x00000000c2100000| Untracked 
|  34|0x00000000c2200000, 0x00000000c2300000, 0x00000000c2300000|100%| O|  |TAMS 0x00000000c2300000, 0x00000000c2200000| Untracked 
|  35|0x00000000c2300000, 0x00000000c2400000, 0x00000000c2400000|100%| O|  |TAMS 0x00000000c2400000, 0x00000000c2300000| Untracked 
|  36|0x00000000c2400000, 0x00000000c2500000, 0x00000000c2500000|100%| O|  |TAMS 0x00000000c2500000, 0x00000000c2400000| Untracked 
|  37|0x00000000c2500000, 0x00000000c2600000, 0x00000000c2600000|100%| O|  |TAMS 0x00000000c2600000, 0x00000000c2500000| Untracked 
|  38|0x00000000c2600000, 0x00000000c2700000, 0x00000000c2700000|100%| O|  |TAMS 0x00000000c2700000, 0x00000000c2600000| Untracked 
|  39|0x00000000c2700000, 0x00000000c2800000, 0x00000000c2800000|100%| O|  |TAMS 0x00000000c2800000, 0x00000000c2700000| Untracked 
|  40|0x00000000c2800000, 0x00000000c2900000, 0x00000000c2900000|100%| O|  |TAMS 0x00000000c2900000, 0x00000000c2800000| Untracked 
|  41|0x00000000c2900000, 0x00000000c2a00000, 0x00000000c2a00000|100%| O|  |TAMS 0x00000000c2a00000, 0x00000000c2900000| Untracked 
|  42|0x00000000c2a00000, 0x00000000c2b00000, 0x00000000c2b00000|100%| O|  |TAMS 0x00000000c2b00000, 0x00000000c2a00000| Untracked 
|  43|0x00000000c2b00000, 0x00000000c2c00000, 0x00000000c2c00000|100%|HS|  |TAMS 0x00000000c2c00000, 0x00000000c2b00000| Complete 
|  44|0x00000000c2c00000, 0x00000000c2d00000, 0x00000000c2d00000|100%|HC|  |TAMS 0x00000000c2d00000, 0x00000000c2c00000| Complete 
|  45|0x00000000c2d00000, 0x00000000c2e00000, 0x00000000c2e00000|100%|HS|  |TAMS 0x00000000c2e00000, 0x00000000c2d00000| Complete 
|  46|0x00000000c2e00000, 0x00000000c2f00000, 0x00000000c2f00000|100%| O|  |TAMS 0x00000000c2f00000, 0x00000000c2e00000| Untracked 
|  47|0x00000000c2f00000, 0x00000000c3000000, 0x00000000c3000000|100%| O|  |TAMS 0x00000000c3000000, 0x00000000c2f00000| Untracked 
|  48|0x00000000c3000000, 0x00000000c3100000, 0x00000000c3100000|100%| O|  |TAMS 0x00000000c3100000, 0x00000000c3000000| Untracked 
|  49|0x00000000c3100000, 0x00000000c3200000, 0x00000000c3200000|100%| O|  |TAMS 0x00000000c3200000, 0x00000000c3100000| Untracked 
|  50|0x00000000c3200000, 0x00000000c3300000, 0x00000000c3300000|100%| O|  |TAMS 0x00000000c3300000, 0x00000000c3200000| Untracked 
|  51|0x00000000c3300000, 0x00000000c3400000, 0x00000000c3400000|100%| O|  |TAMS 0x00000000c3400000, 0x00000000c3300000| Untracked 
|  52|0x00000000c3400000, 0x00000000c3500000, 0x00000000c3500000|100%| O|  |TAMS 0x00000000c3500000, 0x00000000c3400000| Untracked 
|  53|0x00000000c3500000, 0x00000000c3600000, 0x00000000c3600000|100%| O|  |TAMS 0x00000000c3600000, 0x00000000c3500000| Untracked 
|  54|0x00000000c3600000, 0x00000000c3700000, 0x00000000c3700000|100%| O|  |TAMS 0x00000000c3700000, 0x00000000c3600000| Untracked 
|  55|0x00000000c3700000, 0x00000000c3800000, 0x00000000c3800000|100%| O|  |TAMS 0x00000000c3800000, 0x00000000c3700000| Untracked 
|  56|0x00000000c3800000, 0x00000000c3900000, 0x00000000c3900000|100%| O|  |TAMS 0x00000000c3900000, 0x00000000c3800000| Untracked 
|  57|0x00000000c3900000, 0x00000000c3a00000, 0x00000000c3a00000|100%|HS|  |TAMS 0x00000000c3a00000, 0x00000000c3900000| Complete 
|  58|0x00000000c3a00000, 0x00000000c3b00000, 0x00000000c3b00000|100%| O|  |TAMS 0x00000000c3b00000, 0x00000000c3a00000| Untracked 
|  59|0x00000000c3b00000, 0x00000000c3c00000, 0x00000000c3c00000|100%| O|  |TAMS 0x00000000c3c00000, 0x00000000c3b00000| Untracked 
|  60|0x00000000c3c00000, 0x00000000c3d00000, 0x00000000c3d00000|100%| O|  |TAMS 0x00000000c3d00000, 0x00000000c3c00000| Untracked 
|  61|0x00000000c3d00000, 0x00000000c3e00000, 0x00000000c3e00000|100%| O|  |TAMS 0x00000000c3e00000, 0x00000000c3d00000| Untracked 
|  62|0x00000000c3e00000, 0x00000000c3f00000, 0x00000000c3f00000|100%| O|  |TAMS 0x00000000c3f00000, 0x00000000c3e00000| Untracked 
|  63|0x00000000c3f00000, 0x00000000c4000000, 0x00000000c4000000|100%| O|  |TAMS 0x00000000c4000000, 0x00000000c3f00000| Untracked 
|  64|0x00000000c4000000, 0x00000000c4100000, 0x00000000c4100000|100%| O|  |TAMS 0x00000000c4100000, 0x00000000c4000000| Untracked 
|  65|0x00000000c4100000, 0x00000000c4200000, 0x00000000c4200000|100%| O|  |TAMS 0x00000000c4200000, 0x00000000c4100000| Untracked 
|  66|0x00000000c4200000, 0x00000000c4300000, 0x00000000c4300000|100%| O|  |TAMS 0x00000000c4300000, 0x00000000c4200000| Untracked 
|  67|0x00000000c4300000, 0x00000000c4400000, 0x00000000c4400000|100%| O|  |TAMS 0x00000000c4400000, 0x00000000c4300000| Untracked 
|  68|0x00000000c4400000, 0x00000000c4500000, 0x00000000c4500000|100%| O|  |TAMS 0x00000000c4500000, 0x00000000c4400000| Untracked 
|  69|0x00000000c4500000, 0x00000000c4600000, 0x00000000c4600000|100%| O|  |TAMS 0x00000000c4600000, 0x00000000c4500000| Untracked 
|  70|0x00000000c4600000, 0x00000000c4600000, 0x00000000c4700000|  0%| F|  |TAMS 0x00000000c4600000, 0x00000000c4600000| Untracked 
|  71|0x00000000c4700000, 0x00000000c4800000, 0x00000000c4800000|100%| O|  |TAMS 0x00000000c4800000, 0x00000000c4700000| Untracked 
|  72|0x00000000c4800000, 0x00000000c4900000, 0x00000000c4900000|100%| O|  |TAMS 0x00000000c4900000, 0x00000000c4800000| Untracked 
|  73|0x00000000c4900000, 0x00000000c4a00000, 0x00000000c4a00000|100%| O|  |TAMS 0x00000000c4a00000, 0x00000000c4900000| Untracked 
|  74|0x00000000c4a00000, 0x00000000c4b00000, 0x00000000c4b00000|100%| O|  |TAMS 0x00000000c4b00000, 0x00000000c4a00000| Untracked 
|  75|0x00000000c4b00000, 0x00000000c4b00000, 0x00000000c4c00000|  0%| F|  |TAMS 0x00000000c4b00000, 0x00000000c4b00000| Untracked 
|  76|0x00000000c4c00000, 0x00000000c4d00000, 0x00000000c4d00000|100%| O|  |TAMS 0x00000000c4c00000, 0x00000000c4c00000| Untracked 
|  77|0x00000000c4d00000, 0x00000000c4d00000, 0x00000000c4e00000|  0%| F|  |TAMS 0x00000000c4d00000, 0x00000000c4d00000| Untracked 
|  78|0x00000000c4e00000, 0x00000000c4f00000, 0x00000000c4f00000|100%| O|  |TAMS 0x00000000c4f00000, 0x00000000c4e00000| Untracked 
|  79|0x00000000c4f00000, 0x00000000c5000000, 0x00000000c5000000|100%| O|  |TAMS 0x00000000c5000000, 0x00000000c4f00000| Untracked 
|  80|0x00000000c5000000, 0x00000000c5100000, 0x00000000c5100000|100%| O|  |TAMS 0x00000000c5100000, 0x00000000c5000000| Untracked 
|  81|0x00000000c5100000, 0x00000000c5200000, 0x00000000c5200000|100%| O|  |TAMS 0x00000000c5200000, 0x00000000c5100000| Untracked 
|  82|0x00000000c5200000, 0x00000000c5300000, 0x00000000c5300000|100%| O|  |TAMS 0x00000000c5300000, 0x00000000c5200000| Untracked 
|  83|0x00000000c5300000, 0x00000000c5400000, 0x00000000c5400000|100%| O|  |TAMS 0x00000000c5400000, 0x00000000c5300000| Untracked 
|  84|0x00000000c5400000, 0x00000000c5500000, 0x00000000c5500000|100%| O|  |TAMS 0x00000000c5500000, 0x00000000c5400000| Untracked 
|  85|0x00000000c5500000, 0x00000000c5600000, 0x00000000c5600000|100%| O|  |TAMS 0x00000000c5600000, 0x00000000c5500000| Untracked 
|  86|0x00000000c5600000, 0x00000000c5700000, 0x00000000c5700000|100%| O|  |TAMS 0x00000000c5700000, 0x00000000c5600000| Untracked 
|  87|0x00000000c5700000, 0x00000000c5800000, 0x00000000c5800000|100%| O|  |TAMS 0x00000000c5800000, 0x00000000c5700000| Untracked 
|  88|0x00000000c5800000, 0x00000000c5900000, 0x00000000c5900000|100%| O|  |TAMS 0x00000000c5900000, 0x00000000c5800000| Untracked 
|  89|0x00000000c5900000, 0x00000000c5a00000, 0x00000000c5a00000|100%| O|  |TAMS 0x00000000c5a00000, 0x00000000c5900000| Untracked 
|  90|0x00000000c5a00000, 0x00000000c5b00000, 0x00000000c5b00000|100%| O|  |TAMS 0x00000000c5b00000, 0x00000000c5a00000| Untracked 
|  91|0x00000000c5b00000, 0x00000000c5c00000, 0x00000000c5c00000|100%| O|  |TAMS 0x00000000c5c00000, 0x00000000c5b00000| Untracked 
|  92|0x00000000c5c00000, 0x00000000c5d00000, 0x00000000c5d00000|100%| O|  |TAMS 0x00000000c5d00000, 0x00000000c5c00000| Untracked 
|  93|0x00000000c5d00000, 0x00000000c5e00000, 0x00000000c5e00000|100%| O|  |TAMS 0x00000000c5e00000, 0x00000000c5d00000| Untracked 
|  94|0x00000000c5e00000, 0x00000000c5f00000, 0x00000000c5f00000|100%| O|  |TAMS 0x00000000c5f00000, 0x00000000c5e00000| Untracked 
|  95|0x00000000c5f00000, 0x00000000c6000000, 0x00000000c6000000|100%| O|  |TAMS 0x00000000c6000000, 0x00000000c5f00000| Untracked 
|  96|0x00000000c6000000, 0x00000000c6100000, 0x00000000c6100000|100%| O|  |TAMS 0x00000000c6100000, 0x00000000c6000000| Untracked 
|  97|0x00000000c6100000, 0x00000000c6200000, 0x00000000c6200000|100%| O|  |TAMS 0x00000000c6100000, 0x00000000c6100000| Untracked 
|  98|0x00000000c6200000, 0x00000000c6300000, 0x00000000c6300000|100%| O|  |TAMS 0x00000000c6300000, 0x00000000c6200000| Untracked 
|  99|0x00000000c6300000, 0x00000000c6400000, 0x00000000c6400000|100%| O|  |TAMS 0x00000000c6400000, 0x00000000c6300000| Untracked 
| 100|0x00000000c6400000, 0x00000000c6500000, 0x00000000c6500000|100%| O|  |TAMS 0x00000000c6500000, 0x00000000c6400000| Untracked 
| 101|0x00000000c6500000, 0x00000000c6600000, 0x00000000c6600000|100%| O|  |TAMS 0x00000000c6600000, 0x00000000c6500000| Untracked 
| 102|0x00000000c6600000, 0x00000000c6700000, 0x00000000c6700000|100%| O|  |TAMS 0x00000000c6700000, 0x00000000c6600000| Untracked 
| 103|0x00000000c6700000, 0x00000000c6800000, 0x00000000c6800000|100%| O|  |TAMS 0x00000000c6800000, 0x00000000c6700000| Untracked 
| 104|0x00000000c6800000, 0x00000000c6900000, 0x00000000c6900000|100%| O|  |TAMS 0x00000000c6900000, 0x00000000c6800000| Untracked 
| 105|0x00000000c6900000, 0x00000000c6a00000, 0x00000000c6a00000|100%| O|  |TAMS 0x00000000c6a00000, 0x00000000c6900000| Untracked 
| 106|0x00000000c6a00000, 0x00000000c6b00000, 0x00000000c6b00000|100%| O|  |TAMS 0x00000000c6b00000, 0x00000000c6a00000| Untracked 
| 107|0x00000000c6b00000, 0x00000000c6c00000, 0x00000000c6c00000|100%| O|  |TAMS 0x00000000c6c00000, 0x00000000c6b00000| Untracked 
| 108|0x00000000c6c00000, 0x00000000c6d00000, 0x00000000c6d00000|100%| O|  |TAMS 0x00000000c6d00000, 0x00000000c6c00000| Untracked 
| 109|0x00000000c6d00000, 0x00000000c6e00000, 0x00000000c6e00000|100%| O|  |TAMS 0x00000000c6e00000, 0x00000000c6d00000| Untracked 
| 110|0x00000000c6e00000, 0x00000000c6f00000, 0x00000000c6f00000|100%| O|  |TAMS 0x00000000c6f00000, 0x00000000c6e00000| Untracked 
| 111|0x00000000c6f00000, 0x00000000c7000000, 0x00000000c7000000|100%| O|  |TAMS 0x00000000c7000000, 0x00000000c6f00000| Untracked 
| 112|0x00000000c7000000, 0x00000000c7100000, 0x00000000c7100000|100%| O|  |TAMS 0x00000000c7100000, 0x00000000c7000000| Untracked 
| 113|0x00000000c7100000, 0x00000000c7200000, 0x00000000c7200000|100%| O|  |TAMS 0x00000000c7200000, 0x00000000c7100000| Untracked 
| 114|0x00000000c7200000, 0x00000000c7300000, 0x00000000c7300000|100%| O|  |TAMS 0x00000000c7300000, 0x00000000c7200000| Untracked 
| 115|0x00000000c7300000, 0x00000000c7400000, 0x00000000c7400000|100%| O|  |TAMS 0x00000000c7400000, 0x00000000c7300000| Untracked 
| 116|0x00000000c7400000, 0x00000000c7500000, 0x00000000c7500000|100%| O|  |TAMS 0x00000000c7500000, 0x00000000c7400000| Untracked 
| 117|0x00000000c7500000, 0x00000000c7600000, 0x00000000c7600000|100%| O|  |TAMS 0x00000000c7600000, 0x00000000c7500000| Untracked 
| 118|0x00000000c7600000, 0x00000000c7700000, 0x00000000c7700000|100%| O|  |TAMS 0x00000000c7700000, 0x00000000c7600000| Untracked 
| 119|0x00000000c7700000, 0x00000000c7800000, 0x00000000c7800000|100%| O|  |TAMS 0x00000000c7800000, 0x00000000c7700000| Untracked 
| 120|0x00000000c7800000, 0x00000000c7900000, 0x00000000c7900000|100%| O|  |TAMS 0x00000000c7900000, 0x00000000c7800000| Untracked 
| 121|0x00000000c7900000, 0x00000000c7a00000, 0x00000000c7a00000|100%| O|  |TAMS 0x00000000c7900000, 0x00000000c7900000| Untracked 
| 122|0x00000000c7a00000, 0x00000000c7b00000, 0x00000000c7b00000|100%| O|  |TAMS 0x00000000c7b00000, 0x00000000c7a00000| Untracked 
| 123|0x00000000c7b00000, 0x00000000c7c00000, 0x00000000c7c00000|100%| O|  |TAMS 0x00000000c7c00000, 0x00000000c7b00000| Untracked 
| 124|0x00000000c7c00000, 0x00000000c7d00000, 0x00000000c7d00000|100%| O|  |TAMS 0x00000000c7d00000, 0x00000000c7c00000| Untracked 
| 125|0x00000000c7d00000, 0x00000000c7e00000, 0x00000000c7e00000|100%| O|  |TAMS 0x00000000c7e00000, 0x00000000c7d00000| Untracked 
| 126|0x00000000c7e00000, 0x00000000c7f00000, 0x00000000c7f00000|100%| O|  |TAMS 0x00000000c7f00000, 0x00000000c7e00000| Untracked 
| 127|0x00000000c7f00000, 0x00000000c8000000, 0x00000000c8000000|100%| O|  |TAMS 0x00000000c8000000, 0x00000000c7f00000| Untracked 
| 128|0x00000000c8000000, 0x00000000c8100000, 0x00000000c8100000|100%| O|  |TAMS 0x00000000c8100000, 0x00000000c8000000| Untracked 
| 129|0x00000000c8100000, 0x00000000c8200000, 0x00000000c8200000|100%| O|  |TAMS 0x00000000c8100000, 0x00000000c8100000| Untracked 
| 130|0x00000000c8200000, 0x00000000c8300000, 0x00000000c8300000|100%| O|  |TAMS 0x00000000c8200000, 0x00000000c8200000| Untracked 
| 131|0x00000000c8300000, 0x00000000c8300000, 0x00000000c8400000|  0%| F|  |TAMS 0x00000000c8300000, 0x00000000c8300000| Untracked 
| 132|0x00000000c8400000, 0x00000000c8500000, 0x00000000c8500000|100%| O|  |TAMS 0x00000000c8500000, 0x00000000c8400000| Untracked 
| 133|0x00000000c8500000, 0x00000000c8600000, 0x00000000c8600000|100%| O|  |TAMS 0x00000000c8600000, 0x00000000c8500000| Untracked 
| 134|0x00000000c8600000, 0x00000000c8700000, 0x00000000c8700000|100%| O|  |TAMS 0x00000000c8700000, 0x00000000c8600000| Untracked 
| 135|0x00000000c8700000, 0x00000000c8800000, 0x00000000c8800000|100%| O|  |TAMS 0x00000000c8800000, 0x00000000c8700000| Untracked 
| 136|0x00000000c8800000, 0x00000000c8900000, 0x00000000c8900000|100%| O|  |TAMS 0x00000000c8900000, 0x00000000c8800000| Untracked 
| 137|0x00000000c8900000, 0x00000000c8a00000, 0x00000000c8a00000|100%| O|  |TAMS 0x00000000c8a00000, 0x00000000c8900000| Untracked 
| 138|0x00000000c8a00000, 0x00000000c8b00000, 0x00000000c8b00000|100%| O|  |TAMS 0x00000000c8b00000, 0x00000000c8a00000| Untracked 
| 139|0x00000000c8b00000, 0x00000000c8c00000, 0x00000000c8c00000|100%| O|  |TAMS 0x00000000c8c00000, 0x00000000c8b00000| Untracked 
| 140|0x00000000c8c00000, 0x00000000c8d00000, 0x00000000c8d00000|100%| O|  |TAMS 0x00000000c8d00000, 0x00000000c8c00000| Untracked 
| 141|0x00000000c8d00000, 0x00000000c8e00000, 0x00000000c8e00000|100%| O|  |TAMS 0x00000000c8e00000, 0x00000000c8d00000| Untracked 
| 142|0x00000000c8e00000, 0x00000000c8f00000, 0x00000000c8f00000|100%| O|  |TAMS 0x00000000c8f00000, 0x00000000c8e00000| Untracked 
| 143|0x00000000c8f00000, 0x00000000c9000000, 0x00000000c9000000|100%| O|  |TAMS 0x00000000c9000000, 0x00000000c8f00000| Untracked 
| 144|0x00000000c9000000, 0x00000000c9100000, 0x00000000c9100000|100%| O|  |TAMS 0x00000000c9100000, 0x00000000c9000000| Untracked 
| 145|0x00000000c9100000, 0x00000000c9200000, 0x00000000c9200000|100%| O|  |TAMS 0x00000000c9200000, 0x00000000c9100000| Untracked 
| 146|0x00000000c9200000, 0x00000000c9300000, 0x00000000c9300000|100%| O|  |TAMS 0x00000000c9300000, 0x00000000c9200000| Untracked 
| 147|0x00000000c9300000, 0x00000000c9400000, 0x00000000c9400000|100%| O|  |TAMS 0x00000000c9400000, 0x00000000c9300000| Untracked 
| 148|0x00000000c9400000, 0x00000000c9500000, 0x00000000c9500000|100%| O|  |TAMS 0x00000000c9500000, 0x00000000c9400000| Untracked 
| 149|0x00000000c9500000, 0x00000000c9600000, 0x00000000c9600000|100%| O|  |TAMS 0x00000000c9600000, 0x00000000c9500000| Untracked 
| 150|0x00000000c9600000, 0x00000000c9700000, 0x00000000c9700000|100%| O|  |TAMS 0x00000000c9700000, 0x00000000c9600000| Untracked 
| 151|0x00000000c9700000, 0x00000000c9800000, 0x00000000c9800000|100%|HS|  |TAMS 0x00000000c9800000, 0x00000000c9700000| Complete 
| 152|0x00000000c9800000, 0x00000000c9900000, 0x00000000c9900000|100%| O|  |TAMS 0x00000000c9900000, 0x00000000c9800000| Untracked 
| 153|0x00000000c9900000, 0x00000000c9a00000, 0x00000000c9a00000|100%| O|  |TAMS 0x00000000c9a00000, 0x00000000c9900000| Untracked 
| 154|0x00000000c9a00000, 0x00000000c9b00000, 0x00000000c9b00000|100%| O|  |TAMS 0x00000000c9b00000, 0x00000000c9a00000| Untracked 
| 155|0x00000000c9b00000, 0x00000000c9c00000, 0x00000000c9c00000|100%| O|  |TAMS 0x00000000c9c00000, 0x00000000c9b00000| Untracked 
| 156|0x00000000c9c00000, 0x00000000c9d00000, 0x00000000c9d00000|100%| O|  |TAMS 0x00000000c9d00000, 0x00000000c9c00000| Untracked 
| 157|0x00000000c9d00000, 0x00000000c9e00000, 0x00000000c9e00000|100%| O|  |TAMS 0x00000000c9e00000, 0x00000000c9d00000| Untracked 
| 158|0x00000000c9e00000, 0x00000000c9f00000, 0x00000000c9f00000|100%| O|  |TAMS 0x00000000c9f00000, 0x00000000c9e00000| Untracked 
| 159|0x00000000c9f00000, 0x00000000ca000000, 0x00000000ca000000|100%| O|  |TAMS 0x00000000ca000000, 0x00000000c9f00000| Untracked 
| 160|0x00000000ca000000, 0x00000000ca100000, 0x00000000ca100000|100%| O|  |TAMS 0x00000000ca100000, 0x00000000ca000000| Untracked 
| 161|0x00000000ca100000, 0x00000000ca200000, 0x00000000ca200000|100%| O|  |TAMS 0x00000000ca200000, 0x00000000ca100000| Untracked 
| 162|0x00000000ca200000, 0x00000000ca300000, 0x00000000ca300000|100%| O|  |TAMS 0x00000000ca300000, 0x00000000ca200000| Untracked 
| 163|0x00000000ca300000, 0x00000000ca400000, 0x00000000ca400000|100%| O|  |TAMS 0x00000000ca400000, 0x00000000ca300000| Untracked 
| 164|0x00000000ca400000, 0x00000000ca500000, 0x00000000ca500000|100%| O|  |TAMS 0x00000000ca500000, 0x00000000ca400000| Untracked 
| 165|0x00000000ca500000, 0x00000000ca600000, 0x00000000ca600000|100%| O|  |TAMS 0x00000000ca600000, 0x00000000ca500000| Untracked 
| 166|0x00000000ca600000, 0x00000000ca700000, 0x00000000ca700000|100%| O|  |TAMS 0x00000000ca700000, 0x00000000ca600000| Untracked 
| 167|0x00000000ca700000, 0x00000000ca800000, 0x00000000ca800000|100%| O|  |TAMS 0x00000000ca800000, 0x00000000ca700000| Untracked 
| 168|0x00000000ca800000, 0x00000000ca900000, 0x00000000ca900000|100%| O|  |TAMS 0x00000000ca900000, 0x00000000ca800000| Untracked 
| 169|0x00000000ca900000, 0x00000000caa00000, 0x00000000caa00000|100%| O|  |TAMS 0x00000000caa00000, 0x00000000ca900000| Untracked 
| 170|0x00000000caa00000, 0x00000000cab00000, 0x00000000cab00000|100%| O|  |TAMS 0x00000000cab00000, 0x00000000caa00000| Untracked 
| 171|0x00000000cab00000, 0x00000000cac00000, 0x00000000cac00000|100%| O|  |TAMS 0x00000000cac00000, 0x00000000cab00000| Untracked 
| 172|0x00000000cac00000, 0x00000000cad00000, 0x00000000cad00000|100%| O|  |TAMS 0x00000000cad00000, 0x00000000cac00000| Untracked 
| 173|0x00000000cad00000, 0x00000000cae00000, 0x00000000cae00000|100%| O|  |TAMS 0x00000000cae00000, 0x00000000cad00000| Untracked 
| 174|0x00000000cae00000, 0x00000000caf00000, 0x00000000caf00000|100%| O|  |TAMS 0x00000000caf00000, 0x00000000cae00000| Untracked 
| 175|0x00000000caf00000, 0x00000000cb000000, 0x00000000cb000000|100%| O|  |TAMS 0x00000000cb000000, 0x00000000caf00000| Untracked 
| 176|0x00000000cb000000, 0x00000000cb100000, 0x00000000cb100000|100%| O|  |TAMS 0x00000000cb100000, 0x00000000cb000000| Untracked 
| 177|0x00000000cb100000, 0x00000000cb200000, 0x00000000cb200000|100%| O|  |TAMS 0x00000000cb200000, 0x00000000cb100000| Untracked 
| 178|0x00000000cb200000, 0x00000000cb300000, 0x00000000cb300000|100%| O|  |TAMS 0x00000000cb300000, 0x00000000cb200000| Untracked 
| 179|0x00000000cb300000, 0x00000000cb400000, 0x00000000cb400000|100%| O|  |TAMS 0x00000000cb400000, 0x00000000cb300000| Untracked 
| 180|0x00000000cb400000, 0x00000000cb500000, 0x00000000cb500000|100%| O|  |TAMS 0x00000000cb500000, 0x00000000cb400000| Untracked 
| 181|0x00000000cb500000, 0x00000000cb600000, 0x00000000cb600000|100%| O|  |TAMS 0x00000000cb600000, 0x00000000cb500000| Untracked 
| 182|0x00000000cb600000, 0x00000000cb700000, 0x00000000cb700000|100%| O|  |TAMS 0x00000000cb700000, 0x00000000cb600000| Untracked 
| 183|0x00000000cb700000, 0x00000000cb800000, 0x00000000cb800000|100%| O|  |TAMS 0x00000000cb800000, 0x00000000cb700000| Untracked 
| 184|0x00000000cb800000, 0x00000000cb800000, 0x00000000cb900000|  0%| F|  |TAMS 0x00000000cb800000, 0x00000000cb800000| Untracked 
| 185|0x00000000cb900000, 0x00000000cba00000, 0x00000000cba00000|100%| O|  |TAMS 0x00000000cb900000, 0x00000000cb900000| Untracked 
| 186|0x00000000cba00000, 0x00000000cbb00000, 0x00000000cbb00000|100%| O|  |TAMS 0x00000000cba00000, 0x00000000cba00000| Untracked 
| 187|0x00000000cbb00000, 0x00000000cbc00000, 0x00000000cbc00000|100%| O|  |TAMS 0x00000000cbb00000, 0x00000000cbb00000| Untracked 
| 188|0x00000000cbc00000, 0x00000000cbd00000, 0x00000000cbd00000|100%| O|  |TAMS 0x00000000cbc00000, 0x00000000cbc00000| Untracked 
| 189|0x00000000cbd00000, 0x00000000cbe00000, 0x00000000cbe00000|100%| O|  |TAMS 0x00000000cbd00000, 0x00000000cbd00000| Untracked 
| 190|0x00000000cbe00000, 0x00000000cbf00000, 0x00000000cbf00000|100%| O|  |TAMS 0x00000000cbe00000, 0x00000000cbe00000| Untracked 
| 191|0x00000000cbf00000, 0x00000000cc000000, 0x00000000cc000000|100%| O|  |TAMS 0x00000000cbf00000, 0x00000000cbf00000| Untracked 
| 192|0x00000000cc000000, 0x00000000cc100000, 0x00000000cc100000|100%| O|  |TAMS 0x00000000cc100000, 0x00000000cc000000| Untracked 
| 193|0x00000000cc100000, 0x00000000cc200000, 0x00000000cc200000|100%| O|  |TAMS 0x00000000cc200000, 0x00000000cc100000| Untracked 
| 194|0x00000000cc200000, 0x00000000cc300000, 0x00000000cc300000|100%| O|  |TAMS 0x00000000cc300000, 0x00000000cc200000| Untracked 
| 195|0x00000000cc300000, 0x00000000cc400000, 0x00000000cc400000|100%| O|  |TAMS 0x00000000cc400000, 0x00000000cc300000| Untracked 
| 196|0x00000000cc400000, 0x00000000cc500000, 0x00000000cc500000|100%| O|  |TAMS 0x00000000cc500000, 0x00000000cc400000| Untracked 
| 197|0x00000000cc500000, 0x00000000cc500000, 0x00000000cc600000|  0%| F|  |TAMS 0x00000000cc500000, 0x00000000cc500000| Untracked 
| 198|0x00000000cc600000, 0x00000000cc700000, 0x00000000cc700000|100%| O|  |TAMS 0x00000000cc600000, 0x00000000cc600000| Untracked 
| 199|0x00000000cc700000, 0x00000000cc800000, 0x00000000cc800000|100%| O|  |TAMS 0x00000000cc700000, 0x00000000cc700000| Untracked 
| 200|0x00000000cc800000, 0x00000000cc900000, 0x00000000cc900000|100%| O|  |TAMS 0x00000000cc800000, 0x00000000cc800000| Untracked 
| 201|0x00000000cc900000, 0x00000000cca00000, 0x00000000cca00000|100%| O|  |TAMS 0x00000000cc900000, 0x00000000cc900000| Untracked 
| 202|0x00000000cca00000, 0x00000000ccb00000, 0x00000000ccb00000|100%| O|  |TAMS 0x00000000cca00000, 0x00000000cca00000| Untracked 
| 203|0x00000000ccb00000, 0x00000000ccc00000, 0x00000000ccc00000|100%| O|  |TAMS 0x00000000ccb00000, 0x00000000ccb00000| Untracked 
| 204|0x00000000ccc00000, 0x00000000ccd00000, 0x00000000ccd00000|100%| O|  |TAMS 0x00000000ccc00000, 0x00000000ccc00000| Untracked 
| 205|0x00000000ccd00000, 0x00000000ccd00000, 0x00000000cce00000|  0%| F|  |TAMS 0x00000000ccd00000, 0x00000000ccd00000| Untracked 
| 206|0x00000000cce00000, 0x00000000cce00000, 0x00000000ccf00000|  0%| F|  |TAMS 0x00000000cce00000, 0x00000000cce00000| Untracked 
| 207|0x00000000ccf00000, 0x00000000ccf00000, 0x00000000cd000000|  0%| F|  |TAMS 0x00000000ccf00000, 0x00000000ccf00000| Untracked 
| 208|0x00000000cd000000, 0x00000000cd000000, 0x00000000cd100000|  0%| F|  |TAMS 0x00000000cd000000, 0x00000000cd000000| Untracked 
| 209|0x00000000cd100000, 0x00000000cd100000, 0x00000000cd200000|  0%| F|  |TAMS 0x00000000cd100000, 0x00000000cd100000| Untracked 
| 210|0x00000000cd200000, 0x00000000cd200000, 0x00000000cd300000|  0%| F|  |TAMS 0x00000000cd200000, 0x00000000cd200000| Untracked 
| 211|0x00000000cd300000, 0x00000000cd300000, 0x00000000cd400000|  0%| F|  |TAMS 0x00000000cd300000, 0x00000000cd300000| Untracked 
| 212|0x00000000cd400000, 0x00000000cd400000, 0x00000000cd500000|  0%| F|  |TAMS 0x00000000cd400000, 0x00000000cd400000| Untracked 
| 213|0x00000000cd500000, 0x00000000cd500000, 0x00000000cd600000|  0%| F|  |TAMS 0x00000000cd500000, 0x00000000cd500000| Untracked 
| 214|0x00000000cd600000, 0x00000000cd600000, 0x00000000cd700000|  0%| F|  |TAMS 0x00000000cd600000, 0x00000000cd600000| Untracked 
| 215|0x00000000cd700000, 0x00000000cd700000, 0x00000000cd800000|  0%| F|  |TAMS 0x00000000cd700000, 0x00000000cd700000| Untracked 
| 216|0x00000000cd800000, 0x00000000cd800000, 0x00000000cd900000|  0%| F|  |TAMS 0x00000000cd800000, 0x00000000cd800000| Untracked 
| 217|0x00000000cd900000, 0x00000000cd900000, 0x00000000cda00000|  0%| F|  |TAMS 0x00000000cd900000, 0x00000000cd900000| Untracked 
| 218|0x00000000cda00000, 0x00000000cda00000, 0x00000000cdb00000|  0%| F|  |TAMS 0x00000000cda00000, 0x00000000cda00000| Untracked 
| 219|0x00000000cdb00000, 0x00000000cdb00000, 0x00000000cdc00000|  0%| F|  |TAMS 0x00000000cdb00000, 0x00000000cdb00000| Untracked 
| 220|0x00000000cdc00000, 0x00000000cdc00000, 0x00000000cdd00000|  0%| F|  |TAMS 0x00000000cdc00000, 0x00000000cdc00000| Untracked 
| 221|0x00000000cdd00000, 0x00000000cdd00000, 0x00000000cde00000|  0%| F|  |TAMS 0x00000000cdd00000, 0x00000000cdd00000| Untracked 
| 222|0x00000000cde00000, 0x00000000cde00000, 0x00000000cdf00000|  0%| F|  |TAMS 0x00000000cde00000, 0x00000000cde00000| Untracked 
| 223|0x00000000cdf00000, 0x00000000cdf00000, 0x00000000ce000000|  0%| F|  |TAMS 0x00000000cdf00000, 0x00000000cdf00000| Untracked 
| 224|0x00000000ce000000, 0x00000000ce000000, 0x00000000ce100000|  0%| F|  |TAMS 0x00000000ce000000, 0x00000000ce000000| Untracked 
| 225|0x00000000ce100000, 0x00000000ce100000, 0x00000000ce200000|  0%| F|  |TAMS 0x00000000ce100000, 0x00000000ce100000| Untracked 
| 226|0x00000000ce200000, 0x00000000ce200000, 0x00000000ce300000|  0%| F|  |TAMS 0x00000000ce200000, 0x00000000ce200000| Untracked 
| 227|0x00000000ce300000, 0x00000000ce300000, 0x00000000ce400000|  0%| F|  |TAMS 0x00000000ce300000, 0x00000000ce300000| Untracked 
| 228|0x00000000ce400000, 0x00000000ce400000, 0x00000000ce500000|  0%| F|  |TAMS 0x00000000ce400000, 0x00000000ce400000| Untracked 
| 229|0x00000000ce500000, 0x00000000ce500000, 0x00000000ce600000|  0%| F|  |TAMS 0x00000000ce500000, 0x00000000ce500000| Untracked 
| 230|0x00000000ce600000, 0x00000000ce600000, 0x00000000ce700000|  0%| F|  |TAMS 0x00000000ce600000, 0x00000000ce600000| Untracked 
| 231|0x00000000ce700000, 0x00000000ce700000, 0x00000000ce800000|  0%| F|  |TAMS 0x00000000ce700000, 0x00000000ce700000| Untracked 
| 232|0x00000000ce800000, 0x00000000ce800000, 0x00000000ce900000|  0%| F|  |TAMS 0x00000000ce800000, 0x00000000ce800000| Untracked 
| 233|0x00000000ce900000, 0x00000000ce900000, 0x00000000cea00000|  0%| F|  |TAMS 0x00000000ce900000, 0x00000000ce900000| Untracked 
| 234|0x00000000cea00000, 0x00000000cea00000, 0x00000000ceb00000|  0%| F|  |TAMS 0x00000000cea00000, 0x00000000cea00000| Untracked 
| 235|0x00000000ceb00000, 0x00000000ceb00000, 0x00000000cec00000|  0%| F|  |TAMS 0x00000000ceb00000, 0x00000000ceb00000| Untracked 
| 236|0x00000000cec00000, 0x00000000cec00000, 0x00000000ced00000|  0%| F|  |TAMS 0x00000000cec00000, 0x00000000cec00000| Untracked 
| 237|0x00000000ced00000, 0x00000000ced00000, 0x00000000cee00000|  0%| F|  |TAMS 0x00000000ced00000, 0x00000000ced00000| Untracked 
| 238|0x00000000cee00000, 0x00000000cee00000, 0x00000000cef00000|  0%| F|  |TAMS 0x00000000cee00000, 0x00000000cee00000| Untracked 
| 239|0x00000000cef00000, 0x00000000cef00000, 0x00000000cf000000|  0%| F|  |TAMS 0x00000000cef00000, 0x00000000cef00000| Untracked 
| 240|0x00000000cf000000, 0x00000000cf000000, 0x00000000cf100000|  0%| F|  |TAMS 0x00000000cf000000, 0x00000000cf000000| Untracked 
| 241|0x00000000cf100000, 0x00000000cf100000, 0x00000000cf200000|  0%| F|  |TAMS 0x00000000cf100000, 0x00000000cf100000| Untracked 
| 242|0x00000000cf200000, 0x00000000cf200000, 0x00000000cf300000|  0%| F|  |TAMS 0x00000000cf200000, 0x00000000cf200000| Untracked 
| 243|0x00000000cf300000, 0x00000000cf3f6768, 0x00000000cf400000| 96%| S|CS|TAMS 0x00000000cf300000, 0x00000000cf300000| Complete 
| 244|0x00000000cf400000, 0x00000000cf500000, 0x00000000cf500000|100%| S|CS|TAMS 0x00000000cf400000, 0x00000000cf400000| Complete 
| 245|0x00000000cf500000, 0x00000000cf600000, 0x00000000cf600000|100%| S|CS|TAMS 0x00000000cf500000, 0x00000000cf500000| Complete 
| 246|0x00000000cf600000, 0x00000000cf700000, 0x00000000cf700000|100%| S|CS|TAMS 0x00000000cf600000, 0x00000000cf600000| Complete 
| 247|0x00000000cf700000, 0x00000000cf800000, 0x00000000cf800000|100%| S|CS|TAMS 0x00000000cf700000, 0x00000000cf700000| Complete 
| 248|0x00000000cf800000, 0x00000000cf900000, 0x00000000cf900000|100%| S|CS|TAMS 0x00000000cf800000, 0x00000000cf800000| Complete 
| 249|0x00000000cf900000, 0x00000000cf900000, 0x00000000cfa00000|  0%| F|  |TAMS 0x00000000cf900000, 0x00000000cf900000| Untracked 
| 250|0x00000000cfa00000, 0x00000000cfa00000, 0x00000000cfb00000|  0%| F|  |TAMS 0x00000000cfa00000, 0x00000000cfa00000| Untracked 
| 251|0x00000000cfb00000, 0x00000000cfb00000, 0x00000000cfc00000|  0%| F|  |TAMS 0x00000000cfb00000, 0x00000000cfb00000| Untracked 
| 252|0x00000000cfc00000, 0x00000000cfc00000, 0x00000000cfd00000|  0%| F|  |TAMS 0x00000000cfc00000, 0x00000000cfc00000| Untracked 
| 253|0x00000000cfd00000, 0x00000000cfd00000, 0x00000000cfe00000|  0%| F|  |TAMS 0x00000000cfd00000, 0x00000000cfd00000| Untracked 
| 254|0x00000000cfe00000, 0x00000000cfe00000, 0x00000000cff00000|  0%| F|  |TAMS 0x00000000cfe00000, 0x00000000cfe00000| Untracked 
| 255|0x00000000cff00000, 0x00000000cff00000, 0x00000000d0000000|  0%| F|  |TAMS 0x00000000cff00000, 0x00000000cff00000| Untracked 
| 256|0x00000000d0000000, 0x00000000d0000000, 0x00000000d0100000|  0%| F|  |TAMS 0x00000000d0000000, 0x00000000d0000000| Untracked 
| 257|0x00000000d0100000, 0x00000000d0100000, 0x00000000d0200000|  0%| F|  |TAMS 0x00000000d0100000, 0x00000000d0100000| Untracked 
| 258|0x00000000d0200000, 0x00000000d0200000, 0x00000000d0300000|  0%| F|  |TAMS 0x00000000d0200000, 0x00000000d0200000| Untracked 
| 259|0x00000000d0300000, 0x00000000d0300000, 0x00000000d0400000|  0%| F|  |TAMS 0x00000000d0300000, 0x00000000d0300000| Untracked 
| 260|0x00000000d0400000, 0x00000000d0400000, 0x00000000d0500000|  0%| F|  |TAMS 0x00000000d0400000, 0x00000000d0400000| Untracked 
| 261|0x00000000d0500000, 0x00000000d0500000, 0x00000000d0600000|  0%| F|  |TAMS 0x00000000d0500000, 0x00000000d0500000| Untracked 
| 262|0x00000000d0600000, 0x00000000d0600000, 0x00000000d0700000|  0%| F|  |TAMS 0x00000000d0600000, 0x00000000d0600000| Untracked 
| 263|0x00000000d0700000, 0x00000000d0700000, 0x00000000d0800000|  0%| F|  |TAMS 0x00000000d0700000, 0x00000000d0700000| Untracked 
| 264|0x00000000d0800000, 0x00000000d0800000, 0x00000000d0900000|  0%| F|  |TAMS 0x00000000d0800000, 0x00000000d0800000| Untracked 
| 265|0x00000000d0900000, 0x00000000d0900000, 0x00000000d0a00000|  0%| F|  |TAMS 0x00000000d0900000, 0x00000000d0900000| Untracked 
| 266|0x00000000d0a00000, 0x00000000d0a00000, 0x00000000d0b00000|  0%| F|  |TAMS 0x00000000d0a00000, 0x00000000d0a00000| Untracked 
| 267|0x00000000d0b00000, 0x00000000d0b00000, 0x00000000d0c00000|  0%| F|  |TAMS 0x00000000d0b00000, 0x00000000d0b00000| Untracked 
| 268|0x00000000d0c00000, 0x00000000d0c00000, 0x00000000d0d00000|  0%| F|  |TAMS 0x00000000d0c00000, 0x00000000d0c00000| Untracked 
| 269|0x00000000d0d00000, 0x00000000d0d00000, 0x00000000d0e00000|  0%| F|  |TAMS 0x00000000d0d00000, 0x00000000d0d00000| Untracked 
| 270|0x00000000d0e00000, 0x00000000d0e00000, 0x00000000d0f00000|  0%| F|  |TAMS 0x00000000d0e00000, 0x00000000d0e00000| Untracked 
| 271|0x00000000d0f00000, 0x00000000d0f00000, 0x00000000d1000000|  0%| F|  |TAMS 0x00000000d0f00000, 0x00000000d0f00000| Untracked 
| 272|0x00000000d1000000, 0x00000000d1000000, 0x00000000d1100000|  0%| F|  |TAMS 0x00000000d1000000, 0x00000000d1000000| Untracked 
| 273|0x00000000d1100000, 0x00000000d1100000, 0x00000000d1200000|  0%| F|  |TAMS 0x00000000d1100000, 0x00000000d1100000| Untracked 
| 274|0x00000000d1200000, 0x00000000d1200000, 0x00000000d1300000|  0%| F|  |TAMS 0x00000000d1200000, 0x00000000d1200000| Untracked 
| 275|0x00000000d1300000, 0x00000000d1300000, 0x00000000d1400000|  0%| F|  |TAMS 0x00000000d1300000, 0x00000000d1300000| Untracked 
| 276|0x00000000d1400000, 0x00000000d1400000, 0x00000000d1500000|  0%| F|  |TAMS 0x00000000d1400000, 0x00000000d1400000| Untracked 
| 277|0x00000000d1500000, 0x00000000d1500000, 0x00000000d1600000|  0%| F|  |TAMS 0x00000000d1500000, 0x00000000d1500000| Untracked 
| 278|0x00000000d1600000, 0x00000000d1600000, 0x00000000d1700000|  0%| F|  |TAMS 0x00000000d1600000, 0x00000000d1600000| Untracked 
| 279|0x00000000d1700000, 0x00000000d1700000, 0x00000000d1800000|  0%| F|  |TAMS 0x00000000d1700000, 0x00000000d1700000| Untracked 
| 280|0x00000000d1800000, 0x00000000d1800000, 0x00000000d1900000|  0%| F|  |TAMS 0x00000000d1800000, 0x00000000d1800000| Untracked 
| 281|0x00000000d1900000, 0x00000000d1900000, 0x00000000d1a00000|  0%| F|  |TAMS 0x00000000d1900000, 0x00000000d1900000| Untracked 
| 282|0x00000000d1a00000, 0x00000000d1a00000, 0x00000000d1b00000|  0%| F|  |TAMS 0x00000000d1a00000, 0x00000000d1a00000| Untracked 
| 283|0x00000000d1b00000, 0x00000000d1b00000, 0x00000000d1c00000|  0%| F|  |TAMS 0x00000000d1b00000, 0x00000000d1b00000| Untracked 
| 284|0x00000000d1c00000, 0x00000000d1c00000, 0x00000000d1d00000|  0%| F|  |TAMS 0x00000000d1c00000, 0x00000000d1c00000| Untracked 
| 285|0x00000000d1d00000, 0x00000000d1d00000, 0x00000000d1e00000|  0%| F|  |TAMS 0x00000000d1d00000, 0x00000000d1d00000| Untracked 
| 286|0x00000000d1e00000, 0x00000000d1e00000, 0x00000000d1f00000|  0%| F|  |TAMS 0x00000000d1e00000, 0x00000000d1e00000| Untracked 
| 287|0x00000000d1f00000, 0x00000000d1f00000, 0x00000000d2000000|  0%| F|  |TAMS 0x00000000d1f00000, 0x00000000d1f00000| Untracked 
| 288|0x00000000d2000000, 0x00000000d2000000, 0x00000000d2100000|  0%| F|  |TAMS 0x00000000d2000000, 0x00000000d2000000| Untracked 
| 289|0x00000000d2100000, 0x00000000d2100000, 0x00000000d2200000|  0%| F|  |TAMS 0x00000000d2100000, 0x00000000d2100000| Untracked 
| 290|0x00000000d2200000, 0x00000000d2200000, 0x00000000d2300000|  0%| F|  |TAMS 0x00000000d2200000, 0x00000000d2200000| Untracked 
| 291|0x00000000d2300000, 0x00000000d2300000, 0x00000000d2400000|  0%| F|  |TAMS 0x00000000d2300000, 0x00000000d2300000| Untracked 
| 292|0x00000000d2400000, 0x00000000d2400000, 0x00000000d2500000|  0%| F|  |TAMS 0x00000000d2400000, 0x00000000d2400000| Untracked 
| 293|0x00000000d2500000, 0x00000000d2500000, 0x00000000d2600000|  0%| F|  |TAMS 0x00000000d2500000, 0x00000000d2500000| Untracked 
| 294|0x00000000d2600000, 0x00000000d2600000, 0x00000000d2700000|  0%| F|  |TAMS 0x00000000d2600000, 0x00000000d2600000| Untracked 
| 295|0x00000000d2700000, 0x00000000d2700000, 0x00000000d2800000|  0%| F|  |TAMS 0x00000000d2700000, 0x00000000d2700000| Untracked 
| 296|0x00000000d2800000, 0x00000000d2800000, 0x00000000d2900000|  0%| F|  |TAMS 0x00000000d2800000, 0x00000000d2800000| Untracked 
| 297|0x00000000d2900000, 0x00000000d2900000, 0x00000000d2a00000|  0%| F|  |TAMS 0x00000000d2900000, 0x00000000d2900000| Untracked 
| 298|0x00000000d2a00000, 0x00000000d2a00000, 0x00000000d2b00000|  0%| F|  |TAMS 0x00000000d2a00000, 0x00000000d2a00000| Untracked 
| 299|0x00000000d2b00000, 0x00000000d2b00000, 0x00000000d2c00000|  0%| F|  |TAMS 0x00000000d2b00000, 0x00000000d2b00000| Untracked 
| 300|0x00000000d2c00000, 0x00000000d2c00000, 0x00000000d2d00000|  0%| F|  |TAMS 0x00000000d2c00000, 0x00000000d2c00000| Untracked 
| 301|0x00000000d2d00000, 0x00000000d2d00000, 0x00000000d2e00000|  0%| F|  |TAMS 0x00000000d2d00000, 0x00000000d2d00000| Untracked 
| 302|0x00000000d2e00000, 0x00000000d2e00000, 0x00000000d2f00000|  0%| F|  |TAMS 0x00000000d2e00000, 0x00000000d2e00000| Untracked 
| 303|0x00000000d2f00000, 0x00000000d2f00000, 0x00000000d3000000|  0%| F|  |TAMS 0x00000000d2f00000, 0x00000000d2f00000| Untracked 
| 304|0x00000000d3000000, 0x00000000d3000000, 0x00000000d3100000|  0%| F|  |TAMS 0x00000000d3000000, 0x00000000d3000000| Untracked 
| 305|0x00000000d3100000, 0x00000000d3100000, 0x00000000d3200000|  0%| F|  |TAMS 0x00000000d3100000, 0x00000000d3100000| Untracked 
| 306|0x00000000d3200000, 0x00000000d3200000, 0x00000000d3300000|  0%| F|  |TAMS 0x00000000d3200000, 0x00000000d3200000| Untracked 
| 307|0x00000000d3300000, 0x00000000d3300000, 0x00000000d3400000|  0%| F|  |TAMS 0x00000000d3300000, 0x00000000d3300000| Untracked 
| 308|0x00000000d3400000, 0x00000000d3400000, 0x00000000d3500000|  0%| F|  |TAMS 0x00000000d3400000, 0x00000000d3400000| Untracked 
| 309|0x00000000d3500000, 0x00000000d3500000, 0x00000000d3600000|  0%| F|  |TAMS 0x00000000d3500000, 0x00000000d3500000| Untracked 
| 310|0x00000000d3600000, 0x00000000d3600000, 0x00000000d3700000|  0%| F|  |TAMS 0x00000000d3600000, 0x00000000d3600000| Untracked 
| 311|0x00000000d3700000, 0x00000000d3700000, 0x00000000d3800000|  0%| F|  |TAMS 0x00000000d3700000, 0x00000000d3700000| Untracked 
| 312|0x00000000d3800000, 0x00000000d3800000, 0x00000000d3900000|  0%| F|  |TAMS 0x00000000d3800000, 0x00000000d3800000| Untracked 
| 313|0x00000000d3900000, 0x00000000d3900000, 0x00000000d3a00000|  0%| F|  |TAMS 0x00000000d3900000, 0x00000000d3900000| Untracked 
| 314|0x00000000d3a00000, 0x00000000d3a00000, 0x00000000d3b00000|  0%| F|  |TAMS 0x00000000d3a00000, 0x00000000d3a00000| Untracked 
| 315|0x00000000d3b00000, 0x00000000d3b00000, 0x00000000d3c00000|  0%| F|  |TAMS 0x00000000d3b00000, 0x00000000d3b00000| Untracked 
| 316|0x00000000d3c00000, 0x00000000d3c00000, 0x00000000d3d00000|  0%| F|  |TAMS 0x00000000d3c00000, 0x00000000d3c00000| Untracked 
| 317|0x00000000d3d00000, 0x00000000d3d00000, 0x00000000d3e00000|  0%| F|  |TAMS 0x00000000d3d00000, 0x00000000d3d00000| Untracked 
| 318|0x00000000d3e00000, 0x00000000d3e00000, 0x00000000d3f00000|  0%| F|  |TAMS 0x00000000d3e00000, 0x00000000d3e00000| Untracked 
| 319|0x00000000d3f00000, 0x00000000d3f00000, 0x00000000d4000000|  0%| F|  |TAMS 0x00000000d3f00000, 0x00000000d3f00000| Untracked 
| 320|0x00000000d4000000, 0x00000000d4000000, 0x00000000d4100000|  0%| F|  |TAMS 0x00000000d4000000, 0x00000000d4000000| Untracked 
| 321|0x00000000d4100000, 0x00000000d4100000, 0x00000000d4200000|  0%| F|  |TAMS 0x00000000d4100000, 0x00000000d4100000| Untracked 
| 322|0x00000000d4200000, 0x00000000d4200000, 0x00000000d4300000|  0%| F|  |TAMS 0x00000000d4200000, 0x00000000d4200000| Untracked 
| 323|0x00000000d4300000, 0x00000000d4300000, 0x00000000d4400000|  0%| F|  |TAMS 0x00000000d4300000, 0x00000000d4300000| Untracked 
| 324|0x00000000d4400000, 0x00000000d4400000, 0x00000000d4500000|  0%| F|  |TAMS 0x00000000d4400000, 0x00000000d4400000| Untracked 
| 325|0x00000000d4500000, 0x00000000d4500000, 0x00000000d4600000|  0%| F|  |TAMS 0x00000000d4500000, 0x00000000d4500000| Untracked 
| 326|0x00000000d4600000, 0x00000000d4600000, 0x00000000d4700000|  0%| F|  |TAMS 0x00000000d4600000, 0x00000000d4600000| Untracked 
| 327|0x00000000d4700000, 0x00000000d4700000, 0x00000000d4800000|  0%| F|  |TAMS 0x00000000d4700000, 0x00000000d4700000| Untracked 
| 328|0x00000000d4800000, 0x00000000d4800000, 0x00000000d4900000|  0%| F|  |TAMS 0x00000000d4800000, 0x00000000d4800000| Untracked 
| 329|0x00000000d4900000, 0x00000000d4900000, 0x00000000d4a00000|  0%| F|  |TAMS 0x00000000d4900000, 0x00000000d4900000| Untracked 
| 330|0x00000000d4a00000, 0x00000000d4a00000, 0x00000000d4b00000|  0%| F|  |TAMS 0x00000000d4a00000, 0x00000000d4a00000| Untracked 
| 331|0x00000000d4b00000, 0x00000000d4b00000, 0x00000000d4c00000|  0%| F|  |TAMS 0x00000000d4b00000, 0x00000000d4b00000| Untracked 
| 332|0x00000000d4c00000, 0x00000000d4c00000, 0x00000000d4d00000|  0%| F|  |TAMS 0x00000000d4c00000, 0x00000000d4c00000| Untracked 
| 333|0x00000000d4d00000, 0x00000000d4d00000, 0x00000000d4e00000|  0%| F|  |TAMS 0x00000000d4d00000, 0x00000000d4d00000| Untracked 
| 334|0x00000000d4e00000, 0x00000000d4e00000, 0x00000000d4f00000|  0%| F|  |TAMS 0x00000000d4e00000, 0x00000000d4e00000| Untracked 
| 335|0x00000000d4f00000, 0x00000000d4f00000, 0x00000000d5000000|  0%| F|  |TAMS 0x00000000d4f00000, 0x00000000d4f00000| Untracked 
| 336|0x00000000d5000000, 0x00000000d5000000, 0x00000000d5100000|  0%| F|  |TAMS 0x00000000d5000000, 0x00000000d5000000| Untracked 
| 337|0x00000000d5100000, 0x00000000d5100000, 0x00000000d5200000|  0%| F|  |TAMS 0x00000000d5100000, 0x00000000d5100000| Untracked 
| 338|0x00000000d5200000, 0x00000000d5200000, 0x00000000d5300000|  0%| F|  |TAMS 0x00000000d5200000, 0x00000000d5200000| Untracked 
| 339|0x00000000d5300000, 0x00000000d5300000, 0x00000000d5400000|  0%| F|  |TAMS 0x00000000d5300000, 0x00000000d5300000| Untracked 
| 340|0x00000000d5400000, 0x00000000d5400000, 0x00000000d5500000|  0%| F|  |TAMS 0x00000000d5400000, 0x00000000d5400000| Untracked 
| 341|0x00000000d5500000, 0x00000000d5500000, 0x00000000d5600000|  0%| F|  |TAMS 0x00000000d5500000, 0x00000000d5500000| Untracked 
| 342|0x00000000d5600000, 0x00000000d5600000, 0x00000000d5700000|  0%| F|  |TAMS 0x00000000d5600000, 0x00000000d5600000| Untracked 
| 343|0x00000000d5700000, 0x00000000d5700000, 0x00000000d5800000|  0%| F|  |TAMS 0x00000000d5700000, 0x00000000d5700000| Untracked 
| 344|0x00000000d5800000, 0x00000000d5800000, 0x00000000d5900000|  0%| F|  |TAMS 0x00000000d5800000, 0x00000000d5800000| Untracked 
| 345|0x00000000d5900000, 0x00000000d5900000, 0x00000000d5a00000|  0%| F|  |TAMS 0x00000000d5900000, 0x00000000d5900000| Untracked 
| 346|0x00000000d5a00000, 0x00000000d5a00000, 0x00000000d5b00000|  0%| F|  |TAMS 0x00000000d5a00000, 0x00000000d5a00000| Untracked 
| 347|0x00000000d5b00000, 0x00000000d5b00000, 0x00000000d5c00000|  0%| F|  |TAMS 0x00000000d5b00000, 0x00000000d5b00000| Untracked 
| 348|0x00000000d5c00000, 0x00000000d5c00000, 0x00000000d5d00000|  0%| F|  |TAMS 0x00000000d5c00000, 0x00000000d5c00000| Untracked 
| 349|0x00000000d5d00000, 0x00000000d5d00000, 0x00000000d5e00000|  0%| F|  |TAMS 0x00000000d5d00000, 0x00000000d5d00000| Untracked 
| 350|0x00000000d5e00000, 0x00000000d5e00000, 0x00000000d5f00000|  0%| F|  |TAMS 0x00000000d5e00000, 0x00000000d5e00000| Untracked 
| 351|0x00000000d5f00000, 0x00000000d5f00000, 0x00000000d6000000|  0%| F|  |TAMS 0x00000000d5f00000, 0x00000000d5f00000| Untracked 
| 352|0x00000000d6000000, 0x00000000d6000000, 0x00000000d6100000|  0%| F|  |TAMS 0x00000000d6000000, 0x00000000d6000000| Untracked 
| 353|0x00000000d6100000, 0x00000000d6100000, 0x00000000d6200000|  0%| F|  |TAMS 0x00000000d6100000, 0x00000000d6100000| Untracked 
| 354|0x00000000d6200000, 0x00000000d6200000, 0x00000000d6300000|  0%| F|  |TAMS 0x00000000d6200000, 0x00000000d6200000| Untracked 
| 355|0x00000000d6300000, 0x00000000d6300000, 0x00000000d6400000|  0%| F|  |TAMS 0x00000000d6300000, 0x00000000d6300000| Untracked 
| 356|0x00000000d6400000, 0x00000000d6400000, 0x00000000d6500000|  0%| F|  |TAMS 0x00000000d6400000, 0x00000000d6400000| Untracked 

Card table byte_map: [0x00000272c3dd0000,0x00000272c3fd0000] _byte_map_base: 0x00000272c37d0000

Marking Bits (Prev, Next): (CMBitMap*) 0x00000272be1815c0, (CMBitMap*) 0x00000272be181580
 Prev Bits: [0x00000272c51d0000, 0x00000272c61d0000)
 Next Bits: [0x00000272c41d0000, 0x00000272c51d0000)

Polling page: 0x00000272bbf30000

Metaspace:

Usage:
  Non-class:     45.24 MB used.
      Class:      6.52 MB used.
       Both:     51.76 MB used.

Virtual space:
  Non-class space:       48.00 MB reserved,      45.44 MB ( 95%) committed,  6 nodes.
      Class space:        1.00 GB reserved,       6.75 MB ( <1%) committed,  1 nodes.
             Both:        1.05 GB reserved,      52.19 MB (  5%) committed. 

Chunk freelists:
   Non-Class:  1.69 MB
       Class:  1.10 MB
        Both:  2.79 MB

MaxMetaspaceSize: unlimited
CompressedClassSpaceSize: 1.00 GB
Initial GC threshold: 21.00 MB
Current GC threshold: 87.00 MB
CDS: off
MetaspaceReclaimPolicy: balanced
 - commit_granule_bytes: 65536.
 - commit_granule_words: 8192.
 - virtual_space_node_default_size: 1048576.
 - enlarge_chunks_in_place: 1.
 - new_chunks_are_fully_committed: 0.
 - uncommit_free_chunks: 1.
 - use_allocation_guard: 0.
 - handle_deallocations: 1.


Internal statistics:

num_allocs_failed_limit: 8.
num_arena_births: 548.
num_arena_deaths: 0.
num_vsnodes_births: 7.
num_vsnodes_deaths: 0.
num_space_committed: 835.
num_space_uncommitted: 0.
num_chunks_returned_to_freelist: 8.
num_chunks_taken_from_freelist: 2137.
num_chunk_merges: 8.
num_chunk_splits: 1482.
num_chunks_enlarged: 1124.
num_purges: 0.
num_inconsistent_stats: 0.

CodeCache: size=49152Kb used=12756Kb max_used=12756Kb free=36395Kb
 bounds [0x00000272c0dd0000, 0x00000272c1a50000, 0x00000272c3dd0000]
 total_blobs=6550 nmethods=5899 adapters=575
 compilation: enabled
              stopped_count=0, restarted_count=0
 full_count=0

Compilation events (20 events):
Event: 21.325 Thread 0x00000272c9168370 nmethod 5888 0x00000272c1a3c890 code [0x00000272c1a3cca0, 0x00000272c1a3e9c8]
Event: 21.325 Thread 0x00000272c9168370 5891       1       io.github.classgraph.ObjectTypedValueWrapper::instantiateOrGet (416 bytes)
Event: 21.325 Thread 0x00000272c86d1760 5892       1       io.github.classgraph.AnnotationParameterValue::getValue (19 bytes)
Event: 21.325 Thread 0x00000272cd81e190 nmethod 5887 0x00000272c1a3f090 code [0x00000272c1a3f500, 0x00000272c1a40858]
Event: 21.325 Thread 0x00000272c86d1760 nmethod 5892 0x00000272c1a41310 code [0x00000272c1a414a0, 0x00000272c1a415c8]
Event: 21.325 Thread 0x00000272c86d1760 5893       1       io.github.classgraph.ObjectTypedValueWrapper::get (7 bytes)
Event: 21.325 Thread 0x00000272c86d1760 nmethod 5893 0x00000272c1a41690 code [0x00000272c1a41820, 0x00000272c1a41908]
Event: 21.326 Thread 0x00000272c9168370 nmethod 5891 0x00000272c1a41990 code [0x00000272c1a41c60, 0x00000272c1a42568]
Event: 21.331 Thread 0x00000272c9168370 5894       1       io.github.classgraph.MethodInfoList::<init> (5 bytes)
Event: 21.331 Thread 0x00000272c9168370 nmethod 5894 0x00000272c1a42810 code [0x00000272c1a429a0, 0x00000272c1a42ad8]
Event: 21.532 Thread 0x00000272cd81e190 5895       1       java.util.Collections$SetFromMap::isEmpty (10 bytes)
Event: 21.532 Thread 0x00000272cd81e190 nmethod 5895 0x00000272c1a42b90 code [0x00000272c1a42d20, 0x00000272c1a42e08]
Event: 21.532 Thread 0x00000272c86d1760 5897   !   1       java.util.zip.ZipFile$Source::release (50 bytes)
Event: 21.532 Thread 0x00000272cd81e190 5896   !   1       java.util.zip.ZipFile$CleanableResource::run (251 bytes)
Event: 21.533 Thread 0x00000272c86d1760 nmethod 5897 0x00000272c1a42e90 code [0x00000272c1a43060, 0x00000272c1a43308]
Event: 21.533 Thread 0x00000272cd81e190 nmethod 5896 0x00000272c1a43590 code [0x00000272c1a437e0, 0x00000272c1a44018]
Event: 21.827 Thread 0x00000272c86d1760 5898       1       io.github.classgraph.ClasspathElementModule::getResource (23 bytes)
Event: 21.827 Thread 0x00000272c86d1760 nmethod 5898 0x00000272c1a44690 code [0x00000272c1a44840, 0x00000272c1a44ba8]
Event: 22.046 Thread 0x00000272cd81e190 5899       1       java.util.concurrent.locks.AbstractQueuedSynchronizer::acquireInterruptibly (36 bytes)
Event: 22.047 Thread 0x00000272cd81e190 nmethod 5899 0x00000272c1a44c90 code [0x00000272c1a44e60, 0x00000272c1a450b8]

GC Heap History (20 events):
Event: 20.537 GC heap after
{Heap after GC invocations=39 (full 0):
 garbage-first heap   total 363520K, used 171008K [0x00000000c0000000, 0x0000000100000000)
  region size 1024K, 15 young (15360K), 15 survivors (15360K)
 Metaspace       used 53005K, committed 53440K, reserved 1097728K
  class space    used 6679K, committed 6912K, reserved 1048576K
}
Event: 20.851 GC heap before
{Heap before GC invocations=39 (full 0):
 garbage-first heap   total 363520K, used 305152K [0x00000000c0000000, 0x0000000100000000)
  region size 1024K, 147 young (150528K), 15 survivors (15360K)
 Metaspace       used 53006K, committed 53440K, reserved 1097728K
  class space    used 6679K, committed 6912K, reserved 1048576K
}
Event: 20.863 GC heap after
{Heap after GC invocations=40 (full 0):
 garbage-first heap   total 363520K, used 177056K [0x00000000c0000000, 0x0000000100000000)
  region size 1024K, 13 young (13312K), 13 survivors (13312K)
 Metaspace       used 53006K, committed 53440K, reserved 1097728K
  class space    used 6679K, committed 6912K, reserved 1048576K
}
Event: 21.175 GC heap before
{Heap before GC invocations=40 (full 0):
 garbage-first heap   total 363520K, used 307104K [0x00000000c0000000, 0x0000000100000000)
  region size 1024K, 141 young (144384K), 13 survivors (13312K)
 Metaspace       used 53006K, committed 53440K, reserved 1097728K
  class space    used 6679K, committed 6912K, reserved 1048576K
}
Event: 21.187 GC heap after
{Heap after GC invocations=41 (full 0):
 garbage-first heap   total 363520K, used 183982K [0x00000000c0000000, 0x0000000100000000)
  region size 1024K, 13 young (13312K), 13 survivors (13312K)
 Metaspace       used 53006K, committed 53440K, reserved 1097728K
  class space    used 6679K, committed 6912K, reserved 1048576K
}
Event: 21.515 GC heap before
{Heap before GC invocations=41 (full 0):
 garbage-first heap   total 363520K, used 307886K [0x00000000c0000000, 0x0000000100000000)
  region size 1024K, 135 young (138240K), 13 survivors (13312K)
 Metaspace       used 53006K, committed 53440K, reserved 1097728K
  class space    used 6679K, committed 6912K, reserved 1048576K
}
Event: 21.525 GC heap after
{Heap after GC invocations=42 (full 0):
 garbage-first heap   total 363520K, used 190264K [0x00000000c0000000, 0x0000000100000000)
  region size 1024K, 13 young (13312K), 13 survivors (13312K)
 Metaspace       used 53006K, committed 53440K, reserved 1097728K
  class space    used 6679K, committed 6912K, reserved 1048576K
}
Event: 21.693 GC heap before
{Heap before GC invocations=43 (full 0):
 garbage-first heap   total 363520K, used 326456K [0x00000000c0000000, 0x0000000100000000)
  region size 1024K, 130 young (133120K), 13 survivors (13312K)
 Metaspace       used 53006K, committed 53440K, reserved 1097728K
  class space    used 6679K, committed 6912K, reserved 1048576K
}
Event: 21.702 GC heap after
{Heap after GC invocations=44 (full 0):
 garbage-first heap   total 363520K, used 195072K [0x00000000c0000000, 0x0000000100000000)
  region size 1024K, 11 young (11264K), 11 survivors (11264K)
 Metaspace       used 53006K, committed 53440K, reserved 1097728K
  class space    used 6679K, committed 6912K, reserved 1048576K
}
Event: 21.712 GC heap before
{Heap before GC invocations=44 (full 0):
 garbage-first heap   total 363520K, used 200192K [0x00000000c0000000, 0x0000000100000000)
  region size 1024K, 17 young (17408K), 11 survivors (11264K)
 Metaspace       used 53006K, committed 53440K, reserved 1097728K
  class space    used 6679K, committed 6912K, reserved 1048576K
}
Event: 21.721 GC heap after
{Heap after GC invocations=45 (full 0):
 garbage-first heap   total 363520K, used 192504K [0x00000000c0000000, 0x0000000100000000)
  region size 1024K, 2 young (2048K), 2 survivors (2048K)
 Metaspace       used 53006K, committed 53440K, reserved 1097728K
  class space    used 6679K, committed 6912K, reserved 1048576K
}
Event: 22.074 GC heap before
{Heap before GC invocations=45 (full 0):
 garbage-first heap   total 363520K, used 310264K [0x00000000c0000000, 0x0000000100000000)
  region size 1024K, 118 young (120832K), 2 survivors (2048K)
 Metaspace       used 53006K, committed 53440K, reserved 1097728K
  class space    used 6679K, committed 6912K, reserved 1048576K
}
Event: 22.081 GC heap after
{Heap after GC invocations=46 (full 0):
 garbage-first heap   total 363520K, used 196422K [0x00000000c0000000, 0x0000000100000000)
  region size 1024K, 6 young (6144K), 6 survivors (6144K)
 Metaspace       used 53006K, committed 53440K, reserved 1097728K
  class space    used 6679K, committed 6912K, reserved 1048576K
}
Event: 22.313 GC heap before
{Heap before GC invocations=46 (full 0):
 garbage-first heap   total 363520K, used 311110K [0x00000000c0000000, 0x0000000100000000)
  region size 1024K, 119 young (121856K), 6 survivors (6144K)
 Metaspace       used 53006K, committed 53440K, reserved 1097728K
  class space    used 6679K, committed 6912K, reserved 1048576K
}
Event: 22.319 GC heap after
{Heap after GC invocations=47 (full 0):
 garbage-first heap   total 363520K, used 202217K [0x00000000c0000000, 0x0000000100000000)
  region size 1024K, 12 young (12288K), 12 survivors (12288K)
 Metaspace       used 53006K, committed 53440K, reserved 1097728K
  class space    used 6679K, committed 6912K, reserved 1048576K
}
Event: 22.557 GC heap before
{Heap before GC invocations=48 (full 0):
 garbage-first heap   total 365568K, used 310761K [0x00000000c0000000, 0x0000000100000000)
  region size 1024K, 119 young (121856K), 12 survivors (12288K)
 Metaspace       used 53006K, committed 53440K, reserved 1097728K
  class space    used 6679K, committed 6912K, reserved 1048576K
}
Event: 22.566 GC heap after
{Heap after GC invocations=49 (full 0):
 garbage-first heap   total 365568K, used 207843K [0x00000000c0000000, 0x0000000100000000)
  region size 1024K, 12 young (12288K), 12 survivors (12288K)
 Metaspace       used 53006K, committed 53440K, reserved 1097728K
  class space    used 6679K, committed 6912K, reserved 1048576K
}
Event: 22.573 GC heap before
{Heap before GC invocations=49 (full 0):
 garbage-first heap   total 365568K, used 211939K [0x00000000c0000000, 0x0000000100000000)
  region size 1024K, 17 young (17408K), 12 survivors (12288K)
 Metaspace       used 53006K, committed 53440K, reserved 1097728K
  class space    used 6679K, committed 6912K, reserved 1048576K
}
Event: 22.582 GC heap after
{Heap after GC invocations=50 (full 0):
 garbage-first heap   total 365568K, used 205824K [0x00000000c0000000, 0x0000000100000000)
  region size 1024K, 2 young (2048K), 2 survivors (2048K)
 Metaspace       used 53006K, committed 53440K, reserved 1097728K
  class space    used 6679K, committed 6912K, reserved 1048576K
}
Event: 22.843 GC heap before
{Heap before GC invocations=50 (full 0):
 garbage-first heap   total 365568K, used 313344K [0x00000000c0000000, 0x0000000100000000)
  region size 1024K, 108 young (110592K), 2 survivors (2048K)
 Metaspace       used 53006K, committed 53440K, reserved 1097728K
  class space    used 6679K, committed 6912K, reserved 1048576K
}

Dll operation events (8 events):
Event: 0.009 Loaded shared library c:\Users\asus\.vscode\extensions\redhat.java-1.16.0-win32-x64\jre\17.0.6-win32-x86_64\bin\java.dll
Event: 0.589 Loaded shared library C:\Users\asus\.vscode\extensions\redhat.java-1.16.0-win32-x64\jre\17.0.6-win32-x86_64\bin\net.dll
Event: 0.592 Loaded shared library C:\Users\asus\.vscode\extensions\redhat.java-1.16.0-win32-x64\jre\17.0.6-win32-x86_64\bin\nio.dll
Event: 0.912 Loaded shared library C:\Users\asus\.vscode\extensions\redhat.java-1.16.0-win32-x64\jre\17.0.6-win32-x86_64\bin\zip.dll
Event: 5.421 Loaded shared library C:\Users\asus\.vscode\extensions\redhat.java-1.16.0-win32-x64\jre\17.0.6-win32-x86_64\bin\jimage.dll
Event: 10.647 Loaded shared library C:\Users\asus\.vscode\extensions\redhat.java-1.16.0-win32-x64\jre\17.0.6-win32-x86_64\bin\management.dll
Event: 10.669 Loaded shared library C:\Users\asus\.vscode\extensions\redhat.java-1.16.0-win32-x64\jre\17.0.6-win32-x86_64\bin\management_ext.dll
Event: 16.031 Loaded shared library C:\Users\asus\.vscode\extensions\redhat.java-1.16.0-win32-x64\jre\17.0.6-win32-x86_64\bin\sunmscapi.dll

Deoptimization events (20 events):
Event: 13.989 Thread 0x00000272cb2f9fb0 DEOPT PACKING pc=0x00000272c16b8adc sp=0x000000d8520fe8f0
Event: 13.989 Thread 0x00000272cb2f9fb0 DEOPT UNPACKING pc=0x00000272c0e27143 sp=0x000000d8520fdd98 mode 0
Event: 14.800 Thread 0x00000272cb2f9610 DEOPT PACKING pc=0x00000272c0f6f00c sp=0x000000d8524feb30
Event: 14.800 Thread 0x00000272cb2f9610 DEOPT UNPACKING pc=0x00000272c0e27143 sp=0x000000d8524fdff8 mode 0
Event: 14.958 Thread 0x00000272cb13c400 DEOPT PACKING pc=0x00000272c176d1ee sp=0x000000d8514fdcf0
Event: 14.958 Thread 0x00000272cb13c400 DEOPT UNPACKING pc=0x00000272c0e27143 sp=0x000000d8514fd1e8 mode 3
Event: 15.736 Thread 0x00000272cb13ba60 DEOPT PACKING pc=0x00000272c180e7a4 sp=0x000000d8515fdeb0
Event: 15.736 Thread 0x00000272cb13ba60 DEOPT UNPACKING pc=0x00000272c0e27143 sp=0x000000d8515fd388 mode 0
Event: 15.737 Thread 0x00000272cb13ba60 DEOPT PACKING pc=0x00000272c180e7a4 sp=0x000000d8515fe040
Event: 15.737 Thread 0x00000272cb13ba60 DEOPT UNPACKING pc=0x00000272c0e27143 sp=0x000000d8515fd518 mode 0
Event: 15.740 Thread 0x00000272cb13ba60 DEOPT PACKING pc=0x00000272c180e7a4 sp=0x000000d8515fe1d0
Event: 15.740 Thread 0x00000272cb13ba60 DEOPT UNPACKING pc=0x00000272c0e27143 sp=0x000000d8515fd6a8 mode 0
Event: 15.740 Thread 0x00000272cb13ba60 DEOPT PACKING pc=0x00000272c180e7a4 sp=0x000000d8515fe360
Event: 15.740 Thread 0x00000272cb13ba60 DEOPT UNPACKING pc=0x00000272c0e27143 sp=0x000000d8515fd838 mode 0
Event: 16.386 Thread 0x00000272cb13c400 DEOPT PACKING pc=0x00000272c182c7c4 sp=0x000000d8514fdd90
Event: 16.386 Thread 0x00000272cb13c400 DEOPT UNPACKING pc=0x00000272c0e27143 sp=0x000000d8514fd280 mode 3
Event: 16.664 Thread 0x00000272cb2f9fb0 DEOPT PACKING pc=0x00000272c17fcef8 sp=0x000000d8520fc8f0
Event: 16.664 Thread 0x00000272cb2f9fb0 DEOPT UNPACKING pc=0x00000272c0e27143 sp=0x000000d8520fbda8 mode 3
Event: 16.664 Thread 0x00000272cb2f9fb0 DEOPT PACKING pc=0x00000272c17feb04 sp=0x000000d8520fc800
Event: 16.664 Thread 0x00000272cb2f9fb0 DEOPT UNPACKING pc=0x00000272c0e27143 sp=0x000000d8520fbce0 mode 3

Classes unloaded (0 events):
No events

Classes redefined (0 events):
No events

Internal exceptions (20 events):
Event: 21.919 Thread 0x00000272cb2f52b0 Exception <a 'sun/nio/fs/WindowsException'{0x00000000d1f09b40}> (0x00000000d1f09b40) 
thrown [s\src\hotspot\share\prims\jni.cpp, line 516]
Event: 21.919 Thread 0x00000272cb2f52b0 Exception <a 'sun/nio/fs/WindowsException'{0x00000000d1f09f60}> (0x00000000d1f09f60) 
thrown [s\src\hotspot\share\prims\jni.cpp, line 516]
Event: 21.925 Thread 0x00000272cb2fbc90 Exception <a 'sun/nio/fs/WindowsException'{0x00000000d1b55998}> (0x00000000d1b55998) 
thrown [s\src\hotspot\share\prims\jni.cpp, line 516]
Event: 21.925 Thread 0x00000272cb2fbc90 Exception <a 'sun/nio/fs/WindowsException'{0x00000000d1b55de8}> (0x00000000d1b55de8) 
thrown [s\src\hotspot\share\prims\jni.cpp, line 516]
Event: 21.925 Thread 0x00000272cb2fc160 Exception <a 'sun/nio/fs/WindowsException'{0x00000000d1b11068}> (0x00000000d1b11068) 
thrown [s\src\hotspot\share\prims\jni.cpp, line 516]
Event: 21.925 Thread 0x00000272cb2fc160 Exception <a 'sun/nio/fs/WindowsException'{0x00000000d1b114b0}> (0x00000000d1b114b0) 
thrown [s\src\hotspot\share\prims\jni.cpp, line 516]
Event: 21.925 Thread 0x00000272cb2f52b0 Exception <a 'sun/nio/fs/WindowsException'{0x00000000d1ccf730}> (0x00000000d1ccf730) 
thrown [s\src\hotspot\share\prims\jni.cpp, line 516]
Event: 21.925 Thread 0x00000272cb2f52b0 Exception <a 'sun/nio/fs/WindowsException'{0x00000000d1ccfb78}> (0x00000000d1ccfb78) 
thrown [s\src\hotspot\share\prims\jni.cpp, line 516]
Event: 21.926 Thread 0x00000272cb2f82d0 Exception <a 'sun/nio/fs/WindowsException'{0x00000000d1c1f610}> (0x00000000d1c1f610) 
thrown [s\src\hotspot\share\prims\jni.cpp, line 516]
Event: 21.926 Thread 0x00000272cb2f82d0 Exception <a 'sun/nio/fs/WindowsException'{0x00000000d1c1fa58}> (0x00000000d1c1fa58) 
thrown [s\src\hotspot\share\prims\jni.cpp, line 516]
Event: 21.928 Thread 0x00000272cb2fbc90 Exception <a 'sun/nio/fs/WindowsException'{0x00000000d1b81b10}> (0x00000000d1b81b10) 
thrown [s\src\hotspot\share\prims\jni.cpp, line 516]
Event: 21.929 Thread 0x00000272cb2fbc90 Exception <a 'sun/nio/fs/WindowsException'{0x00000000d1b81fa8}> (0x00000000d1b81fa8) 
thrown [s\src\hotspot\share\prims\jni.cpp, line 516]
Event: 21.937 Thread 0x00000272cb2fbc90 Exception <a 'sun/nio/fs/WindowsException'{0x00000000d1741e60}> (0x00000000d1741e60) 
thrown [s\src\hotspot\share\prims\jni.cpp, line 516]
Event: 21.937 Thread 0x00000272cb2fbc90 Exception <a 'sun/nio/fs/WindowsException'{0x00000000d1742300}> (0x00000000d1742300) 
thrown [s\src\hotspot\share\prims\jni.cpp, line 516]
Event: 22.056 Thread 0x00000272cb2f8c70 Exception <a 'sun/nio/fs/WindowsException'{0x00000000cf40a558}> (0x00000000cf40a558) 
thrown [s\src\hotspot\share\prims\jni.cpp, line 516]
Event: 22.057 Thread 0x00000272cb2f8c70 Exception <a 'sun/nio/fs/WindowsException'{0x00000000cf40a9d8}> (0x00000000cf40a9d8) 
thrown [s\src\hotspot\share\prims\jni.cpp, line 516]
Event: 22.738 Thread 0x00000272cb2f52b0 Exception <a 'sun/nio/fs/WindowsException'{0x00000000d25f29b0}> (0x00000000d25f29b0) 
thrown [s\src\hotspot\share\prims\jni.cpp, line 516]
Event: 22.738 Thread 0x00000272cb2f52b0 Exception <a 'sun/nio/fs/WindowsException'{0x00000000d25f2e90}> (0x00000000d25f2e90) 
thrown [s\src\hotspot\share\prims\jni.cpp, line 516]
Event: 22.743 Thread 0x00000272cb2fc160 Exception <a 'sun/nio/fs/WindowsException'{0x00000000d23a5c30}> (0x00000000d23a5c30) 
thrown [s\src\hotspot\share\prims\jni.cpp, line 516]
Event: 22.743 Thread 0x00000272cb2fc160 Exception <a 'sun/nio/fs/WindowsException'{0x00000000d23a60b0}> (0x00000000d23a60b0) 
thrown [s\src\hotspot\share\prims\jni.cpp, line 516]

VM Operations (20 events):
Event: 21.703 Executing VM operation: G1CollectForAllocation done
Event: 21.712 Executing VM operation: G1CollectForAllocation
Event: 21.712 Executing VM operation: G1CollectForAllocation done
Event: 21.712 Executing VM operation: G1CollectForAllocation
Event: 21.721 Executing VM operation: G1CollectForAllocation done
Event: 22.074 Executing VM operation: G1CollectForAllocation
Event: 22.074 Executing VM operation: G1CollectForAllocation done
Event: 22.074 Executing VM operation: G1CollectForAllocation
Event: 22.082 Executing VM operation: G1CollectForAllocation done
Event: 22.313 Executing VM operation: G1CollectForAllocation
Event: 22.319 Executing VM operation: G1CollectForAllocation done
Event: 22.339 Executing VM operation: G1Concurrent
Event: 22.342 Executing VM operation: G1Concurrent done
Event: 22.474 Executing VM operation: G1Concurrent
Event: 22.474 Executing VM operation: G1Concurrent done
Event: 22.557 Executing VM operation: G1CollectForAllocation
Event: 22.566 Executing VM operation: G1CollectForAllocation done
Event: 22.573 Executing VM operation: G1CollectForAllocation
Event: 22.582 Executing VM operation: G1CollectForAllocation done
Event: 22.843 Executing VM operation: G1CollectForAllocation

Events (20 events):
Event: 18.132 loading class sun/security/provider/certpath/CertId
Event: 18.132 loading class sun/security/provider/certpath/CertId done
Event: 18.132 loading class sun/security/provider/certpath/OCSP$RevocationStatus$CertStatus
Event: 18.132 loading class sun/security/provider/certpath/OCSP$RevocationStatus$CertStatus done
Event: 18.133 loading class java/security/cert/CertificateParsingException
Event: 18.134 loading class java/security/cert/CertificateParsingException done
Event: 18.142 loading class sun/security/ssl/CertificateVerify$T13CertificateVerifyMessage
Event: 18.143 loading class sun/security/ssl/CertificateVerify$T13CertificateVerifyMessage done
Event: 18.146 loading class sun/security/rsa/MGF1
Event: 18.146 loading class sun/security/rsa/MGF1 done
Event: 18.147 loading class sun/security/ssl/SSLBasicKeyDerivation
Event: 18.147 loading class sun/security/ssl/SSLBasicKeyDerivation done
Event: 18.147 loading class sun/security/ssl/SSLBasicKeyDerivation$SecretSizeSpec
Event: 18.147 loading class sun/security/ssl/SSLBasicKeyDerivation$SecretSizeSpec done
Event: 18.151 Thread 0x00000272cb2f6120 Thread added: 0x00000272cb2f6120
Event: 18.237 Thread 0x00000272cb2f6120 Thread exited: 0x00000272cb2f6120
Event: 18.569 loading class sun/security/ssl/PostHandshakeContext
Event: 18.569 loading class sun/security/ssl/PostHandshakeContext done
Event: 18.569 loading class sun/security/ssl/NewSessionTicket$T13NewSessionTicketMessage
Event: 18.569 loading class sun/security/ssl/NewSessionTicket$T13NewSessionTicketMessage done


Dynamic libraries:
0x00007ff7dcce0000 - 0x00007ff7dccee000 	c:\Users\asus\.vscode\extensions\redhat.java-1.16.0-win32-x64\jre\17.0.6-win32-x86_64\bin\java.exe
0x00007ff950bb0000 - 0x00007ff950da8000 	C:\WINDOWS\SYSTEM32\ntdll.dll
0x00007ff94f520000 - 0x00007ff94f5df000 	C:\WINDOWS\System32\KERNEL32.DLL
0x00007ff94e580000 - 0x00007ff94e852000 	C:\WINDOWS\System32\KERNELBASE.dll
0x00007ff94e910000 - 0x00007ff94ea10000 	C:\WINDOWS\System32\ucrtbase.dll
0x00007ff947070000 - 0x00007ff947087000 	c:\Users\asus\.vscode\extensions\redhat.java-1.16.0-win32-x64\jre\17.0.6-win32-x86_64\bin\jli.dll
0x00007ff94f170000 - 0x00007ff94f311000 	C:\WINDOWS\System32\USER32.dll
0x00007ff94e2b0000 - 0x00007ff94e2d2000 	C:\WINDOWS\System32\win32u.dll
0x00007ff94f5e0000 - 0x00007ff94f60b000 	C:\WINDOWS\System32\GDI32.dll
0x00007ff94e470000 - 0x00007ff94e57f000 	C:\WINDOWS\System32\gdi32full.dll
0x00007ff94eb60000 - 0x00007ff94ebfd000 	C:\WINDOWS\System32\msvcp_win.dll
0x00007ff947050000 - 0x00007ff947069000 	c:\Users\asus\.vscode\extensions\redhat.java-1.16.0-win32-x64\jre\17.0.6-win32-x86_64\bin\VCRUNTIME140.dll
0x00007ff9343d0000 - 0x00007ff93466a000 	C:\WINDOWS\WinSxS\amd64_microsoft.windows.common-controls_6595b64144ccf1df_6.0.19041.1110_none_60b5254171f9507e\COMCTL32.dll
0x00007ff950930000 - 0x00007ff9509ce000 	C:\WINDOWS\System32\msvcrt.dll
0x00007ff94ed30000 - 0x00007ff94ed60000 	C:\WINDOWS\System32\IMM32.DLL
0x00007ff948ec0000 - 0x00007ff948ecc000 	c:\Users\asus\.vscode\extensions\redhat.java-1.16.0-win32-x64\jre\17.0.6-win32-x86_64\bin\vcruntime140_1.dll
0x00007ff946fb0000 - 0x00007ff947041000 	c:\Users\asus\.vscode\extensions\redhat.java-1.16.0-win32-x64\jre\17.0.6-win32-x86_64\bin\msvcp140.dll
0x00007ff8f5ee0000 - 0x00007ff8f6b27000 	c:\Users\asus\.vscode\extensions\redhat.java-1.16.0-win32-x64\jre\17.0.6-win32-x86_64\bin\server\jvm.dll
0x00007ff94ed60000 - 0x00007ff94ee0e000 	C:\WINDOWS\System32\ADVAPI32.dll
0x00007ff9502d0000 - 0x00007ff95036c000 	C:\WINDOWS\System32\sechost.dll
0x00007ff94ec00000 - 0x00007ff94ed24000 	C:\WINDOWS\System32\RPCRT4.dll
0x00007ff942d60000 - 0x00007ff942d69000 	C:\WINDOWS\SYSTEM32\WSOCK32.dll
0x00007ff94f620000 - 0x00007ff94f68b000 	C:\WINDOWS\System32\WS2_32.dll
0x00007ff941460000 - 0x00007ff941487000 	C:\WINDOWS\SYSTEM32\WINMM.dll
0x00007ff948fb0000 - 0x00007ff948fba000 	C:\WINDOWS\SYSTEM32\VERSION.dll
0x00007ff94cb50000 - 0x00007ff94cb62000 	C:\WINDOWS\SYSTEM32\kernel.appcore.dll
0x00007ff9471d0000 - 0x00007ff9471da000 	c:\Users\asus\.vscode\extensions\redhat.java-1.16.0-win32-x64\jre\17.0.6-win32-x86_64\bin\jimage.dll
0x00007ff94c020000 - 0x00007ff94c204000 	C:\WINDOWS\SYSTEM32\DBGHELP.DLL
0x00007ff9474f0000 - 0x00007ff947525000 	C:\WINDOWS\SYSTEM32\dbgcore.DLL
0x00007ff94ea60000 - 0x00007ff94eae2000 	C:\WINDOWS\System32\bcryptPrimitives.dll
0x00007ff946f70000 - 0x00007ff946f95000 	c:\Users\asus\.vscode\extensions\redhat.java-1.16.0-win32-x64\jre\17.0.6-win32-x86_64\bin\java.dll
0x00007ff946f50000 - 0x00007ff946f68000 	c:\Users\asus\.vscode\extensions\redhat.java-1.16.0-win32-x64\jre\17.0.6-win32-x86_64\bin\zip.dll
0x00007ff94fb80000 - 0x00007ff9502c5000 	C:\WINDOWS\System32\SHELL32.dll
0x00007ff94c350000 - 0x00007ff94cae2000 	C:\WINDOWS\SYSTEM32\windows.storage.dll
0x00007ff9503d0000 - 0x00007ff950725000 	C:\WINDOWS\System32\combase.dll
0x00007ff94dd10000 - 0x00007ff94dd40000 	C:\WINDOWS\SYSTEM32\Wldp.dll
0x00007ff950ac0000 - 0x00007ff950b6d000 	C:\WINDOWS\System32\SHCORE.dll
0x00007ff950a60000 - 0x00007ff950ab5000 	C:\WINDOWS\System32\shlwapi.dll
0x00007ff94e1f0000 - 0x00007ff94e20f000 	C:\WINDOWS\SYSTEM32\profapi.dll
0x00007ff946f30000 - 0x00007ff946f49000 	C:\Users\asus\.vscode\extensions\redhat.java-1.16.0-win32-x64\jre\17.0.6-win32-x86_64\bin\net.dll
0x00007ff9475e0000 - 0x00007ff9476ea000 	C:\WINDOWS\SYSTEM32\WINHTTP.dll
0x00007ff94da70000 - 0x00007ff94dada000 	C:\WINDOWS\system32\mswsock.dll
0x00007ff946f10000 - 0x00007ff946f25000 	C:\Users\asus\.vscode\extensions\redhat.java-1.16.0-win32-x64\jre\17.0.6-win32-x86_64\bin\nio.dll
0x00007ff94dc60000 - 0x00007ff94dc78000 	C:\WINDOWS\SYSTEM32\CRYPTSP.dll
0x00007ff94d320000 - 0x00007ff94d354000 	C:\WINDOWS\system32\rsaenh.dll
0x00007ff94e440000 - 0x00007ff94e467000 	C:\WINDOWS\System32\bcrypt.dll
0x00007ff94e1b0000 - 0x00007ff94e1de000 	C:\WINDOWS\SYSTEM32\USERENV.dll
0x00007ff94dc80000 - 0x00007ff94dc8c000 	C:\WINDOWS\SYSTEM32\CRYPTBASE.dll
0x00007ff94d710000 - 0x00007ff94d74b000 	C:\WINDOWS\SYSTEM32\IPHLPAPI.DLL
0x00007ff9508c0000 - 0x00007ff9508c8000 	C:\WINDOWS\System32\NSI.dll
0x00007ff947810000 - 0x00007ff947827000 	C:\WINDOWS\SYSTEM32\dhcpcsvc6.DLL
0x00007ff9486c0000 - 0x00007ff9486dd000 	C:\WINDOWS\SYSTEM32\dhcpcsvc.DLL
0x00007ff94d760000 - 0x00007ff94d82b000 	C:\WINDOWS\SYSTEM32\DNSAPI.dll
0x00007ff9475d0000 - 0x00007ff9475d9000 	C:\Users\asus\.vscode\extensions\redhat.java-1.16.0-win32-x64\jre\17.0.6-win32-x86_64\bin\management.dll
0x00007ff9475c0000 - 0x00007ff9475cb000 	C:\Users\asus\.vscode\extensions\redhat.java-1.16.0-win32-x64\jre\17.0.6-win32-x86_64\bin\management_ext.dll
0x00007ff94f320000 - 0x00007ff94f328000 	C:\WINDOWS\System32\PSAPI.DLL
0x00007ff946ee0000 - 0x00007ff946eee000 	C:\Users\asus\.vscode\extensions\redhat.java-1.16.0-win32-x64\jre\17.0.6-win32-x86_64\bin\sunmscapi.dll
0x00007ff94e2e0000 - 0x00007ff94e436000 	C:\WINDOWS\System32\CRYPT32.dll
0x00007ff94dd80000 - 0x00007ff94dda7000 	C:\WINDOWS\SYSTEM32\ncrypt.dll
0x00007ff94dd40000 - 0x00007ff94dd7b000 	C:\WINDOWS\SYSTEM32\NTASN1.dll
0x0000000076370000 - 0x0000000076396000 	C:\Program Files\Bonjour\mdnsNSP.dll
0x00007ff9449b0000 - 0x00007ff9449ba000 	C:\Windows\System32\rasadhlp.dll
0x00007ff945130000 - 0x00007ff9451b0000 	C:\WINDOWS\System32\fwpuclnt.dll

dbghelp: loaded successfully - version: 4.0.5 - missing functions: none
symbol engine: initialized successfully - sym options: 0x614 - pdb path: .;c:\Users\asus\.vscode\extensions\redhat.java-1.16.0-win32-x64\jre\17.0.6-win32-x86_64\bin;C:\WINDOWS\SYSTEM32;C:\WINDOWS\WinSxS\amd64_microsoft.windows.common-controls_6595b64144ccf1df_6.0.19041.1110_none_60b5254171f9507e;c:\Users\asus\.vscode\extensions\redhat.java-1.16.0-win32-x64\jre\17.0.6-win32-x86_64\bin\server;C:\Program Files\Bonjour

VM Arguments:
jvm_args: -XX:+HeapDumpOnOutOfMemoryError -Xmx1024m -Dsts.lsp.client=vscode -Dsts.log.file=/dev/null -XX:TieredStopAtLevel=1 -Xlog:jni+resolve=off -Dspring.config.location=file:c:\Users\asus\.vscode\extensions\vmware.vscode-spring-boot-1.45.0\language-server\BOOT-INF\classes\application.properties 
java_command: org.springframework.ide.vscode.boot.app.BootLanguageServerBootApp
java_class_path (initial): c:\Users\asus\.vscode\extensions\vmware.vscode-spring-boot-1.45.0\language-server\BOOT-INF\classes;c:\Users\asus\.vscode\extensions\vmware.vscode-spring-boot-1.45.0\language-server\BOOT-INF\lib\annotations-24.0.1.jar;c:\Users\asus\.vscode\extensions\vmware.vscode-spring-boot-1.45.0\language-server\BOOT-INF\lib\ant-1.10.13.jar;c:\Users\asus\.vscode\extensions\vmware.vscode-spring-boot-1.45.0\language-server\BOOT-INF\lib\ant-launcher-1.10.13.jar;c:\Users\asus\.vscode\extensions\vmware.vscode-spring-boot-1.45.0\language-server\BOOT-INF\lib\antlr-runtime-3.5.3.jar;c:\Users\asus\.vscode\extensions\vmware.vscode-spring-boot-1.45.0\language-server\BOOT-INF\lib\antlr4-4.11.1.jar;c:\Users\asus\.vscode\extensions\vmware.vscode-spring-boot-1.45.0\language-server\BOOT-INF\lib\antlr4-runtime-4.11.1.jar;c:\Users\asus\.vscode\extensions\vmware.vscode-spring-boot-1.45.0\language-server\BOOT-INF\lib\asm-9.4.jar;c:\Users\asus\.vscode\extensions\vmware.vscode-spring-boot-1.45.0\language-server\BOOT-INF\lib\asm-analysis-9.4.jar;c:\Users\asus\.vscode\extensions\vmware.vscode-spring-boot-1.45.0\language-server\BOOT-INF\lib\asm-tree-9.4.jar;c:\Users\asus\.vscode\extensions\vmware.vscode-spring-boot-1.45.0\language-server\BOOT-INF\lib\asm-util-9.4.jar;c:\Users\asus\.vscode\extensions\vmware.vscode-spring-boot-1.45.0\language-server\BOOT-INF\lib\caffeine-3.1.2.jar;c:\Users\asus\.vscode\extensions\vmware.vscode-spring-boot-1.45.0\language-server\BOOT-INF\lib\checker-qual-3.12.0.jar;c:\Users\asus\.vscode\extensions\vmware.vscode-spring-boot-1.45.0\language-server\BOOT-INF\lib\classgraph-4.8.149.jar;c:\Users\asus\.vscode\extensions\vmware.vscode-spring-boot-1.45.0\language-server\BOOT-INF\lib\commons-codec-1.15.jar;c:\Users\asus\.vscode\extensions\vmware.vscode-spring-boot-1.45.0\language-server\BOOT-INF\lib\commons-compress-1.22.jar;c:\Users\asus\.vscode\extensions\vmware.vscode-spring-boot-1.45.0\language-server\BOOT-INF\lib\commons-io-2.4.jar;c:\Users\asus\.vsco
Launcher Type: SUN_STANDARD

[Global flags]
     intx CICompilerCount                          = 3                                         {product} {ergonomic}
     uint ConcGCThreads                            = 1                                         {product} {ergonomic}
     uint G1ConcRefinementThreads                  = 4                                         {product} {ergonomic}
   size_t G1HeapRegionSize                         = 1048576                                   {product} {ergonomic}
    uintx GCDrainStackTargetSize                   = 64                                        {product} {ergonomic}
     bool HeapDumpOnOutOfMemoryError               = true                                   {manageable} {command line}
   size_t InitialHeapSize                          = 134217728                                 {product} {ergonomic}
   size_t MarkStackSize                            = 4194304                                   {product} {ergonomic}
   size_t MaxHeapSize                              = 1073741824                                {product} {command line}
   size_t MaxNewSize                               = 643825664                                 {product} {ergonomic}
   size_t MinHeapDeltaBytes                        = 1048576                                   {product} {ergonomic}
   size_t MinHeapSize                              = 8388608                                   {product} {ergonomic}
    uintx NonProfiledCodeHeapSize                  = 0                                      {pd product} {ergonomic}
     bool ProfileInterpreter                       = false                                  {pd product} {command line}
    uintx ProfiledCodeHeapSize                     = 0                                      {pd product} {ergonomic}
   size_t SoftMaxHeapSize                          = 1073741824                             {manageable} {ergonomic}
     intx TieredStopAtLevel                        = 1                                         {product} {command line}
     bool UseCompressedClassPointers               = true                           {product lp64_product} {ergonomic}
     bool UseCompressedOops                        = true                           {product lp64_product} {ergonomic}
     bool UseG1GC                                  = true                                      {product} {ergonomic}
     bool UseLargePagesIndividualAllocation        = false                                  {pd product} {ergonomic}

Logging:
Log output configuration:
 #0: stdout all=warning,jni+resolve=off uptime,level,tags
 #1: stderr all=off uptime,level,tags

Environment Variables:
JAVA_HOME=C:\Program Files\Java\jdk1.8.0_111
PATH=C:\Python311\Scripts\;C:\Python311\;C:\ProgramData\Oracle\Java\javapath;C:\WINDOWS\system32;C:\WINDOWS;C:\WINDOWS\System32\Wbem;C:\WINDOWS\System32\WindowsPowerShell\v1.0\;C:\WINDOWS\System32\OpenSSH\;C:\Program Files\Git\cmd;C:\Program Files\PostgreSQL\15\bin;C:\Program Files\PostgreSQL\15\lib;C:\Program Files\Java\jdk1.8.0_111\bin;C:\Program Files\nodejs;C:\ProgramData\chocolatey\bin;C:\Users\asus\AppData\Local\Microsoft\WindowsApps;;C:\Users\asus\AppData\Local\Programs\Microsoft VS Code\bin;C:\Users\asus\AppData\Roaming\npm
USERNAME=asus
OS=Windows_NT
PROCESSOR_IDENTIFIER=Intel64 Family 6 Model 142 Stepping 9, GenuineIntel
TMP=C:\Users\asus\AppData\Local\Temp
TEMP=C:\Users\asus\AppData\Local\Temp



---------------  S Y S T E M  ---------------

OS:
 Windows 10 , 64 bit Build 19041 (10.0.19041.2546)
OS uptime: 12 days 16:09 hours

CPU: total 4 (initial active 4) (2 cores per cpu, 2 threads per core) family 6 model 142 stepping 9 microcode 0xb4, cx8, cmov, fxsr, ht, mmx, 3dnowpref, sse, sse2, sse3, ssse3, sse4.1, sse4.2, popcnt, lzcnt, tsc, tscinvbit, avx, avx2, aes, erms, clmul, bmi1, bmi2, adx, fma, vzeroupper, clflush, clflushopt

Memory: 4k page, system-wide physical 8073M (484M free)
TotalPageFile size 25601M (AvailPageFile size 231M)
current process WorkingSet (physical memory assigned to process): 499M, peak: 499M
current process commit charge ("private bytes"): 520M, peak: 787M

vm_info: OpenJDK 64-Bit Server VM (17.0.6+10) for windows-amd64 JRE (17.0.6+10), built on Jan 18 2023 10:08:59 by "temurin" with MS VC++ 16.7 (VS2019)

END.
